2021-07-07 19:45:25,125  INFO DruidDataSource:985 - {dataSource-1} inited
2021-07-07 19:45:25,391 ERROR DruidDataSource:2787 - create connection SQLException, url: jdbc:mysql://localhost:3306/demo?useUnicode=true&characterEncoding=utf8, errorCode 1045, state 28000
java.sql.SQLException: Access denied for user '79016'@'localhost' (using password: YES)
	at com.mysql.jdbc.SQLError.createSQLException(SQLError.java:1078)
	at com.mysql.jdbc.MysqlIO.checkErrorPacket(MysqlIO.java:4187)
	at com.mysql.jdbc.MysqlIO.checkErrorPacket(MysqlIO.java:4119)
	at com.mysql.jdbc.MysqlIO.checkErrorPacket(MysqlIO.java:927)
	at com.mysql.jdbc.MysqlIO.proceedHandshakeWithPluggableAuthentication(MysqlIO.java:1709)
	at com.mysql.jdbc.MysqlIO.doHandshake(MysqlIO.java:1252)
	at com.mysql.jdbc.ConnectionImpl.coreConnect(ConnectionImpl.java:2483)
	at com.mysql.jdbc.ConnectionImpl.connectOneTryOnly(ConnectionImpl.java:2516)
	at com.mysql.jdbc.ConnectionImpl.createNewIO(ConnectionImpl.java:2301)
	at com.mysql.jdbc.ConnectionImpl.<init>(ConnectionImpl.java:834)
	at com.mysql.jdbc.JDBC4Connection.<init>(JDBC4Connection.java:47)
	at sun.reflect.NativeConstructorAccessorImpl.newInstance0(Native Method)
	at sun.reflect.NativeConstructorAccessorImpl.newInstance(NativeConstructorAccessorImpl.java:62)
	at sun.reflect.DelegatingConstructorAccessorImpl.newInstance(DelegatingConstructorAccessorImpl.java:45)
	at java.lang.reflect.Constructor.newInstance(Constructor.java:423)
	at com.mysql.jdbc.Util.handleNewInstance(Util.java:411)
	at com.mysql.jdbc.ConnectionImpl.getInstance(ConnectionImpl.java:416)
	at com.mysql.jdbc.NonRegisteringDriver.connect(NonRegisteringDriver.java:346)
	at com.alibaba.druid.pool.DruidAbstractDataSource.createPhysicalConnection(DruidAbstractDataSource.java:1652)
	at com.alibaba.druid.pool.DruidAbstractDataSource.createPhysicalConnection(DruidAbstractDataSource.java:1718)
	at com.alibaba.druid.pool.DruidDataSource$CreateConnectionThread.run(DruidDataSource.java:2785)
2021-07-07 19:45:25,398 ERROR DruidDataSource:2787 - create connection SQLException, url: jdbc:mysql://localhost:3306/demo?useUnicode=true&characterEncoding=utf8, errorCode 1045, state 28000
java.sql.SQLException: Access denied for user '79016'@'localhost' (using password: YES)
	at com.mysql.jdbc.SQLError.createSQLException(SQLError.java:1078)
	at com.mysql.jdbc.MysqlIO.checkErrorPacket(MysqlIO.java:4187)
	at com.mysql.jdbc.MysqlIO.checkErrorPacket(MysqlIO.java:4119)
	at com.mysql.jdbc.MysqlIO.checkErrorPacket(MysqlIO.java:927)
	at com.mysql.jdbc.MysqlIO.proceedHandshakeWithPluggableAuthentication(MysqlIO.java:1709)
	at com.mysql.jdbc.MysqlIO.doHandshake(MysqlIO.java:1252)
	at com.mysql.jdbc.ConnectionImpl.coreConnect(ConnectionImpl.java:2483)
	at com.mysql.jdbc.ConnectionImpl.connectOneTryOnly(ConnectionImpl.java:2516)
	at com.mysql.jdbc.ConnectionImpl.createNewIO(ConnectionImpl.java:2301)
	at com.mysql.jdbc.ConnectionImpl.<init>(ConnectionImpl.java:834)
	at com.mysql.jdbc.JDBC4Connection.<init>(JDBC4Connection.java:47)
	at sun.reflect.NativeConstructorAccessorImpl.newInstance0(Native Method)
	at sun.reflect.NativeConstructorAccessorImpl.newInstance(NativeConstructorAccessorImpl.java:62)
	at sun.reflect.DelegatingConstructorAccessorImpl.newInstance(DelegatingConstructorAccessorImpl.java:45)
	at java.lang.reflect.Constructor.newInstance(Constructor.java:423)
	at com.mysql.jdbc.Util.handleNewInstance(Util.java:411)
	at com.mysql.jdbc.ConnectionImpl.getInstance(ConnectionImpl.java:416)
	at com.mysql.jdbc.NonRegisteringDriver.connect(NonRegisteringDriver.java:346)
	at com.alibaba.druid.pool.DruidAbstractDataSource.createPhysicalConnection(DruidAbstractDataSource.java:1652)
	at com.alibaba.druid.pool.DruidAbstractDataSource.createPhysicalConnection(DruidAbstractDataSource.java:1718)
	at com.alibaba.druid.pool.DruidDataSource$CreateConnectionThread.run(DruidDataSource.java:2785)
2021-07-07 19:45:25,399  INFO DruidAbstractDataSource:1799 - {dataSource-1} failContinuous is true
2021-07-07 19:45:25,905 ERROR DruidDataSource:2787 - create connection SQLException, url: jdbc:mysql://localhost:3306/demo?useUnicode=true&characterEncoding=utf8, errorCode 1045, state 28000
java.sql.SQLException: Access denied for user '79016'@'localhost' (using password: YES)
	at com.mysql.jdbc.SQLError.createSQLException(SQLError.java:1078)
	at com.mysql.jdbc.MysqlIO.checkErrorPacket(MysqlIO.java:4187)
	at com.mysql.jdbc.MysqlIO.checkErrorPacket(MysqlIO.java:4119)
	at com.mysql.jdbc.MysqlIO.checkErrorPacket(MysqlIO.java:927)
	at com.mysql.jdbc.MysqlIO.proceedHandshakeWithPluggableAuthentication(MysqlIO.java:1709)
	at com.mysql.jdbc.MysqlIO.doHandshake(MysqlIO.java:1252)
	at com.mysql.jdbc.ConnectionImpl.coreConnect(ConnectionImpl.java:2483)
	at com.mysql.jdbc.ConnectionImpl.connectOneTryOnly(ConnectionImpl.java:2516)
	at com.mysql.jdbc.ConnectionImpl.createNewIO(ConnectionImpl.java:2301)
	at com.mysql.jdbc.ConnectionImpl.<init>(ConnectionImpl.java:834)
	at com.mysql.jdbc.JDBC4Connection.<init>(JDBC4Connection.java:47)
	at sun.reflect.NativeConstructorAccessorImpl.newInstance0(Native Method)
	at sun.reflect.NativeConstructorAccessorImpl.newInstance(NativeConstructorAccessorImpl.java:62)
	at sun.reflect.DelegatingConstructorAccessorImpl.newInstance(DelegatingConstructorAccessorImpl.java:45)
	at java.lang.reflect.Constructor.newInstance(Constructor.java:423)
	at com.mysql.jdbc.Util.handleNewInstance(Util.java:411)
	at com.mysql.jdbc.ConnectionImpl.getInstance(ConnectionImpl.java:416)
	at com.mysql.jdbc.NonRegisteringDriver.connect(NonRegisteringDriver.java:346)
	at com.alibaba.druid.pool.DruidAbstractDataSource.createPhysicalConnection(DruidAbstractDataSource.java:1652)
	at com.alibaba.druid.pool.DruidAbstractDataSource.createPhysicalConnection(DruidAbstractDataSource.java:1718)
	at com.alibaba.druid.pool.DruidDataSource$CreateConnectionThread.run(DruidDataSource.java:2785)
2021-07-07 19:45:26,422 ERROR DruidDataSource:2787 - create connection SQLException, url: jdbc:mysql://localhost:3306/demo?useUnicode=true&characterEncoding=utf8, errorCode 1045, state 28000
java.sql.SQLException: Access denied for user '79016'@'localhost' (using password: YES)
	at com.mysql.jdbc.SQLError.createSQLException(SQLError.java:1078)
	at com.mysql.jdbc.MysqlIO.checkErrorPacket(MysqlIO.java:4187)
	at com.mysql.jdbc.MysqlIO.checkErrorPacket(MysqlIO.java:4119)
	at com.mysql.jdbc.MysqlIO.checkErrorPacket(MysqlIO.java:927)
	at com.mysql.jdbc.MysqlIO.proceedHandshakeWithPluggableAuthentication(MysqlIO.java:1709)
	at com.mysql.jdbc.MysqlIO.doHandshake(MysqlIO.java:1252)
	at com.mysql.jdbc.ConnectionImpl.coreConnect(ConnectionImpl.java:2483)
	at com.mysql.jdbc.ConnectionImpl.connectOneTryOnly(ConnectionImpl.java:2516)
	at com.mysql.jdbc.ConnectionImpl.createNewIO(ConnectionImpl.java:2301)
	at com.mysql.jdbc.ConnectionImpl.<init>(ConnectionImpl.java:834)
	at com.mysql.jdbc.JDBC4Connection.<init>(JDBC4Connection.java:47)
	at sun.reflect.NativeConstructorAccessorImpl.newInstance0(Native Method)
	at sun.reflect.NativeConstructorAccessorImpl.newInstance(NativeConstructorAccessorImpl.java:62)
	at sun.reflect.DelegatingConstructorAccessorImpl.newInstance(DelegatingConstructorAccessorImpl.java:45)
	at java.lang.reflect.Constructor.newInstance(Constructor.java:423)
	at com.mysql.jdbc.Util.handleNewInstance(Util.java:411)
	at com.mysql.jdbc.ConnectionImpl.getInstance(ConnectionImpl.java:416)
	at com.mysql.jdbc.NonRegisteringDriver.connect(NonRegisteringDriver.java:346)
	at com.alibaba.druid.pool.DruidAbstractDataSource.createPhysicalConnection(DruidAbstractDataSource.java:1652)
	at com.alibaba.druid.pool.DruidAbstractDataSource.createPhysicalConnection(DruidAbstractDataSource.java:1718)
	at com.alibaba.druid.pool.DruidDataSource$CreateConnectionThread.run(DruidDataSource.java:2785)
2021-07-07 19:45:26,946 ERROR DruidDataSource:2787 - create connection SQLException, url: jdbc:mysql://localhost:3306/demo?useUnicode=true&characterEncoding=utf8, errorCode 1045, state 28000
java.sql.SQLException: Access denied for user '79016'@'localhost' (using password: YES)
	at com.mysql.jdbc.SQLError.createSQLException(SQLError.java:1078)
	at com.mysql.jdbc.MysqlIO.checkErrorPacket(MysqlIO.java:4187)
	at com.mysql.jdbc.MysqlIO.checkErrorPacket(MysqlIO.java:4119)
	at com.mysql.jdbc.MysqlIO.checkErrorPacket(MysqlIO.java:927)
	at com.mysql.jdbc.MysqlIO.proceedHandshakeWithPluggableAuthentication(MysqlIO.java:1709)
	at com.mysql.jdbc.MysqlIO.doHandshake(MysqlIO.java:1252)
	at com.mysql.jdbc.ConnectionImpl.coreConnect(ConnectionImpl.java:2483)
	at com.mysql.jdbc.ConnectionImpl.connectOneTryOnly(ConnectionImpl.java:2516)
	at com.mysql.jdbc.ConnectionImpl.createNewIO(ConnectionImpl.java:2301)
	at com.mysql.jdbc.ConnectionImpl.<init>(ConnectionImpl.java:834)
	at com.mysql.jdbc.JDBC4Connection.<init>(JDBC4Connection.java:47)
	at sun.reflect.NativeConstructorAccessorImpl.newInstance0(Native Method)
	at sun.reflect.NativeConstructorAccessorImpl.newInstance(NativeConstructorAccessorImpl.java:62)
	at sun.reflect.DelegatingConstructorAccessorImpl.newInstance(DelegatingConstructorAccessorImpl.java:45)
	at java.lang.reflect.Constructor.newInstance(Constructor.java:423)
	at com.mysql.jdbc.Util.handleNewInstance(Util.java:411)
	at com.mysql.jdbc.ConnectionImpl.getInstance(ConnectionImpl.java:416)
	at com.mysql.jdbc.NonRegisteringDriver.connect(NonRegisteringDriver.java:346)
	at com.alibaba.druid.pool.DruidAbstractDataSource.createPhysicalConnection(DruidAbstractDataSource.java:1652)
	at com.alibaba.druid.pool.DruidAbstractDataSource.createPhysicalConnection(DruidAbstractDataSource.java:1718)
	at com.alibaba.druid.pool.DruidDataSource$CreateConnectionThread.run(DruidDataSource.java:2785)
2021-07-07 19:45:27,463 ERROR DruidDataSource:2787 - create connection SQLException, url: jdbc:mysql://localhost:3306/demo?useUnicode=true&characterEncoding=utf8, errorCode 1045, state 28000
java.sql.SQLException: Access denied for user '79016'@'localhost' (using password: YES)
	at com.mysql.jdbc.SQLError.createSQLException(SQLError.java:1078)
	at com.mysql.jdbc.MysqlIO.checkErrorPacket(MysqlIO.java:4187)
	at com.mysql.jdbc.MysqlIO.checkErrorPacket(MysqlIO.java:4119)
	at com.mysql.jdbc.MysqlIO.checkErrorPacket(MysqlIO.java:927)
	at com.mysql.jdbc.MysqlIO.proceedHandshakeWithPluggableAuthentication(MysqlIO.java:1709)
	at com.mysql.jdbc.MysqlIO.doHandshake(MysqlIO.java:1252)
	at com.mysql.jdbc.ConnectionImpl.coreConnect(ConnectionImpl.java:2483)
	at com.mysql.jdbc.ConnectionImpl.connectOneTryOnly(ConnectionImpl.java:2516)
	at com.mysql.jdbc.ConnectionImpl.createNewIO(ConnectionImpl.java:2301)
	at com.mysql.jdbc.ConnectionImpl.<init>(ConnectionImpl.java:834)
	at com.mysql.jdbc.JDBC4Connection.<init>(JDBC4Connection.java:47)
	at sun.reflect.NativeConstructorAccessorImpl.newInstance0(Native Method)
	at sun.reflect.NativeConstructorAccessorImpl.newInstance(NativeConstructorAccessorImpl.java:62)
	at sun.reflect.DelegatingConstructorAccessorImpl.newInstance(DelegatingConstructorAccessorImpl.java:45)
	at java.lang.reflect.Constructor.newInstance(Constructor.java:423)
	at com.mysql.jdbc.Util.handleNewInstance(Util.java:411)
	at com.mysql.jdbc.ConnectionImpl.getInstance(ConnectionImpl.java:416)
	at com.mysql.jdbc.NonRegisteringDriver.connect(NonRegisteringDriver.java:346)
	at com.alibaba.druid.pool.DruidAbstractDataSource.createPhysicalConnection(DruidAbstractDataSource.java:1652)
	at com.alibaba.druid.pool.DruidAbstractDataSource.createPhysicalConnection(DruidAbstractDataSource.java:1718)
	at com.alibaba.druid.pool.DruidDataSource$CreateConnectionThread.run(DruidDataSource.java:2785)
2021-07-07 19:45:27,969 ERROR DruidDataSource:2787 - create connection SQLException, url: jdbc:mysql://localhost:3306/demo?useUnicode=true&characterEncoding=utf8, errorCode 1045, state 28000
java.sql.SQLException: Access denied for user '79016'@'localhost' (using password: YES)
	at com.mysql.jdbc.SQLError.createSQLException(SQLError.java:1078)
	at com.mysql.jdbc.MysqlIO.checkErrorPacket(MysqlIO.java:4187)
	at com.mysql.jdbc.MysqlIO.checkErrorPacket(MysqlIO.java:4119)
	at com.mysql.jdbc.MysqlIO.checkErrorPacket(MysqlIO.java:927)
	at com.mysql.jdbc.MysqlIO.proceedHandshakeWithPluggableAuthentication(MysqlIO.java:1709)
	at com.mysql.jdbc.MysqlIO.doHandshake(MysqlIO.java:1252)
	at com.mysql.jdbc.ConnectionImpl.coreConnect(ConnectionImpl.java:2483)
	at com.mysql.jdbc.ConnectionImpl.connectOneTryOnly(ConnectionImpl.java:2516)
	at com.mysql.jdbc.ConnectionImpl.createNewIO(ConnectionImpl.java:2301)
	at com.mysql.jdbc.ConnectionImpl.<init>(ConnectionImpl.java:834)
	at com.mysql.jdbc.JDBC4Connection.<init>(JDBC4Connection.java:47)
	at sun.reflect.NativeConstructorAccessorImpl.newInstance0(Native Method)
	at sun.reflect.NativeConstructorAccessorImpl.newInstance(NativeConstructorAccessorImpl.java:62)
	at sun.reflect.DelegatingConstructorAccessorImpl.newInstance(DelegatingConstructorAccessorImpl.java:45)
	at java.lang.reflect.Constructor.newInstance(Constructor.java:423)
	at com.mysql.jdbc.Util.handleNewInstance(Util.java:411)
	at com.mysql.jdbc.ConnectionImpl.getInstance(ConnectionImpl.java:416)
	at com.mysql.jdbc.NonRegisteringDriver.connect(NonRegisteringDriver.java:346)
	at com.alibaba.druid.pool.DruidAbstractDataSource.createPhysicalConnection(DruidAbstractDataSource.java:1652)
	at com.alibaba.druid.pool.DruidAbstractDataSource.createPhysicalConnection(DruidAbstractDataSource.java:1718)
	at com.alibaba.druid.pool.DruidDataSource$CreateConnectionThread.run(DruidDataSource.java:2785)
2021-07-07 19:45:28,489 ERROR DruidDataSource:2787 - create connection SQLException, url: jdbc:mysql://localhost:3306/demo?useUnicode=true&characterEncoding=utf8, errorCode 1045, state 28000
java.sql.SQLException: Access denied for user '79016'@'localhost' (using password: YES)
	at com.mysql.jdbc.SQLError.createSQLException(SQLError.java:1078)
	at com.mysql.jdbc.MysqlIO.checkErrorPacket(MysqlIO.java:4187)
	at com.mysql.jdbc.MysqlIO.checkErrorPacket(MysqlIO.java:4119)
	at com.mysql.jdbc.MysqlIO.checkErrorPacket(MysqlIO.java:927)
	at com.mysql.jdbc.MysqlIO.proceedHandshakeWithPluggableAuthentication(MysqlIO.java:1709)
	at com.mysql.jdbc.MysqlIO.doHandshake(MysqlIO.java:1252)
	at com.mysql.jdbc.ConnectionImpl.coreConnect(ConnectionImpl.java:2483)
	at com.mysql.jdbc.ConnectionImpl.connectOneTryOnly(ConnectionImpl.java:2516)
	at com.mysql.jdbc.ConnectionImpl.createNewIO(ConnectionImpl.java:2301)
	at com.mysql.jdbc.ConnectionImpl.<init>(ConnectionImpl.java:834)
	at com.mysql.jdbc.JDBC4Connection.<init>(JDBC4Connection.java:47)
	at sun.reflect.NativeConstructorAccessorImpl.newInstance0(Native Method)
	at sun.reflect.NativeConstructorAccessorImpl.newInstance(NativeConstructorAccessorImpl.java:62)
	at sun.reflect.DelegatingConstructorAccessorImpl.newInstance(DelegatingConstructorAccessorImpl.java:45)
	at java.lang.reflect.Constructor.newInstance(Constructor.java:423)
	at com.mysql.jdbc.Util.handleNewInstance(Util.java:411)
	at com.mysql.jdbc.ConnectionImpl.getInstance(ConnectionImpl.java:416)
	at com.mysql.jdbc.NonRegisteringDriver.connect(NonRegisteringDriver.java:346)
	at com.alibaba.druid.pool.DruidAbstractDataSource.createPhysicalConnection(DruidAbstractDataSource.java:1652)
	at com.alibaba.druid.pool.DruidAbstractDataSource.createPhysicalConnection(DruidAbstractDataSource.java:1718)
	at com.alibaba.druid.pool.DruidDataSource$CreateConnectionThread.run(DruidDataSource.java:2785)
2021-07-07 19:45:29,004 ERROR DruidDataSource:2787 - create connection SQLException, url: jdbc:mysql://localhost:3306/demo?useUnicode=true&characterEncoding=utf8, errorCode 1045, state 28000
java.sql.SQLException: Access denied for user '79016'@'localhost' (using password: YES)
	at com.mysql.jdbc.SQLError.createSQLException(SQLError.java:1078)
	at com.mysql.jdbc.MysqlIO.checkErrorPacket(MysqlIO.java:4187)
	at com.mysql.jdbc.MysqlIO.checkErrorPacket(MysqlIO.java:4119)
	at com.mysql.jdbc.MysqlIO.checkErrorPacket(MysqlIO.java:927)
	at com.mysql.jdbc.MysqlIO.proceedHandshakeWithPluggableAuthentication(MysqlIO.java:1709)
	at com.mysql.jdbc.MysqlIO.doHandshake(MysqlIO.java:1252)
	at com.mysql.jdbc.ConnectionImpl.coreConnect(ConnectionImpl.java:2483)
	at com.mysql.jdbc.ConnectionImpl.connectOneTryOnly(ConnectionImpl.java:2516)
	at com.mysql.jdbc.ConnectionImpl.createNewIO(ConnectionImpl.java:2301)
	at com.mysql.jdbc.ConnectionImpl.<init>(ConnectionImpl.java:834)
	at com.mysql.jdbc.JDBC4Connection.<init>(JDBC4Connection.java:47)
	at sun.reflect.NativeConstructorAccessorImpl.newInstance0(Native Method)
	at sun.reflect.NativeConstructorAccessorImpl.newInstance(NativeConstructorAccessorImpl.java:62)
	at sun.reflect.DelegatingConstructorAccessorImpl.newInstance(DelegatingConstructorAccessorImpl.java:45)
	at java.lang.reflect.Constructor.newInstance(Constructor.java:423)
	at com.mysql.jdbc.Util.handleNewInstance(Util.java:411)
	at com.mysql.jdbc.ConnectionImpl.getInstance(ConnectionImpl.java:416)
	at com.mysql.jdbc.NonRegisteringDriver.connect(NonRegisteringDriver.java:346)
	at com.alibaba.druid.pool.DruidAbstractDataSource.createPhysicalConnection(DruidAbstractDataSource.java:1652)
	at com.alibaba.druid.pool.DruidAbstractDataSource.createPhysicalConnection(DruidAbstractDataSource.java:1718)
	at com.alibaba.druid.pool.DruidDataSource$CreateConnectionThread.run(DruidDataSource.java:2785)
2021-07-07 19:45:29,520 ERROR DruidDataSource:2787 - create connection SQLException, url: jdbc:mysql://localhost:3306/demo?useUnicode=true&characterEncoding=utf8, errorCode 1045, state 28000
java.sql.SQLException: Access denied for user '79016'@'localhost' (using password: YES)
	at com.mysql.jdbc.SQLError.createSQLException(SQLError.java:1078)
	at com.mysql.jdbc.MysqlIO.checkErrorPacket(MysqlIO.java:4187)
	at com.mysql.jdbc.MysqlIO.checkErrorPacket(MysqlIO.java:4119)
	at com.mysql.jdbc.MysqlIO.checkErrorPacket(MysqlIO.java:927)
	at com.mysql.jdbc.MysqlIO.proceedHandshakeWithPluggableAuthentication(MysqlIO.java:1709)
	at com.mysql.jdbc.MysqlIO.doHandshake(MysqlIO.java:1252)
	at com.mysql.jdbc.ConnectionImpl.coreConnect(ConnectionImpl.java:2483)
	at com.mysql.jdbc.ConnectionImpl.connectOneTryOnly(ConnectionImpl.java:2516)
	at com.mysql.jdbc.ConnectionImpl.createNewIO(ConnectionImpl.java:2301)
	at com.mysql.jdbc.ConnectionImpl.<init>(ConnectionImpl.java:834)
	at com.mysql.jdbc.JDBC4Connection.<init>(JDBC4Connection.java:47)
	at sun.reflect.NativeConstructorAccessorImpl.newInstance0(Native Method)
	at sun.reflect.NativeConstructorAccessorImpl.newInstance(NativeConstructorAccessorImpl.java:62)
	at sun.reflect.DelegatingConstructorAccessorImpl.newInstance(DelegatingConstructorAccessorImpl.java:45)
	at java.lang.reflect.Constructor.newInstance(Constructor.java:423)
	at com.mysql.jdbc.Util.handleNewInstance(Util.java:411)
	at com.mysql.jdbc.ConnectionImpl.getInstance(ConnectionImpl.java:416)
	at com.mysql.jdbc.NonRegisteringDriver.connect(NonRegisteringDriver.java:346)
	at com.alibaba.druid.pool.DruidAbstractDataSource.createPhysicalConnection(DruidAbstractDataSource.java:1652)
	at com.alibaba.druid.pool.DruidAbstractDataSource.createPhysicalConnection(DruidAbstractDataSource.java:1718)
	at com.alibaba.druid.pool.DruidDataSource$CreateConnectionThread.run(DruidDataSource.java:2785)
2021-07-07 19:45:30,036 ERROR DruidDataSource:2787 - create connection SQLException, url: jdbc:mysql://localhost:3306/demo?useUnicode=true&characterEncoding=utf8, errorCode 1045, state 28000
java.sql.SQLException: Access denied for user '79016'@'localhost' (using password: YES)
	at com.mysql.jdbc.SQLError.createSQLException(SQLError.java:1078)
	at com.mysql.jdbc.MysqlIO.checkErrorPacket(MysqlIO.java:4187)
	at com.mysql.jdbc.MysqlIO.checkErrorPacket(MysqlIO.java:4119)
	at com.mysql.jdbc.MysqlIO.checkErrorPacket(MysqlIO.java:927)
	at com.mysql.jdbc.MysqlIO.proceedHandshakeWithPluggableAuthentication(MysqlIO.java:1709)
	at com.mysql.jdbc.MysqlIO.doHandshake(MysqlIO.java:1252)
	at com.mysql.jdbc.ConnectionImpl.coreConnect(ConnectionImpl.java:2483)
	at com.mysql.jdbc.ConnectionImpl.connectOneTryOnly(ConnectionImpl.java:2516)
	at com.mysql.jdbc.ConnectionImpl.createNewIO(ConnectionImpl.java:2301)
	at com.mysql.jdbc.ConnectionImpl.<init>(ConnectionImpl.java:834)
	at com.mysql.jdbc.JDBC4Connection.<init>(JDBC4Connection.java:47)
	at sun.reflect.NativeConstructorAccessorImpl.newInstance0(Native Method)
	at sun.reflect.NativeConstructorAccessorImpl.newInstance(NativeConstructorAccessorImpl.java:62)
	at sun.reflect.DelegatingConstructorAccessorImpl.newInstance(DelegatingConstructorAccessorImpl.java:45)
	at java.lang.reflect.Constructor.newInstance(Constructor.java:423)
	at com.mysql.jdbc.Util.handleNewInstance(Util.java:411)
	at com.mysql.jdbc.ConnectionImpl.getInstance(ConnectionImpl.java:416)
	at com.mysql.jdbc.NonRegisteringDriver.connect(NonRegisteringDriver.java:346)
	at com.alibaba.druid.pool.DruidAbstractDataSource.createPhysicalConnection(DruidAbstractDataSource.java:1652)
	at com.alibaba.druid.pool.DruidAbstractDataSource.createPhysicalConnection(DruidAbstractDataSource.java:1718)
	at com.alibaba.druid.pool.DruidDataSource$CreateConnectionThread.run(DruidDataSource.java:2785)
2021-07-07 19:45:30,543 ERROR DruidDataSource:2787 - create connection SQLException, url: jdbc:mysql://localhost:3306/demo?useUnicode=true&characterEncoding=utf8, errorCode 1045, state 28000
java.sql.SQLException: Access denied for user '79016'@'localhost' (using password: YES)
	at com.mysql.jdbc.SQLError.createSQLException(SQLError.java:1078)
	at com.mysql.jdbc.MysqlIO.checkErrorPacket(MysqlIO.java:4187)
	at com.mysql.jdbc.MysqlIO.checkErrorPacket(MysqlIO.java:4119)
	at com.mysql.jdbc.MysqlIO.checkErrorPacket(MysqlIO.java:927)
	at com.mysql.jdbc.MysqlIO.proceedHandshakeWithPluggableAuthentication(MysqlIO.java:1709)
	at com.mysql.jdbc.MysqlIO.doHandshake(MysqlIO.java:1252)
	at com.mysql.jdbc.ConnectionImpl.coreConnect(ConnectionImpl.java:2483)
	at com.mysql.jdbc.ConnectionImpl.connectOneTryOnly(ConnectionImpl.java:2516)
	at com.mysql.jdbc.ConnectionImpl.createNewIO(ConnectionImpl.java:2301)
	at com.mysql.jdbc.ConnectionImpl.<init>(ConnectionImpl.java:834)
	at com.mysql.jdbc.JDBC4Connection.<init>(JDBC4Connection.java:47)
	at sun.reflect.NativeConstructorAccessorImpl.newInstance0(Native Method)
	at sun.reflect.NativeConstructorAccessorImpl.newInstance(NativeConstructorAccessorImpl.java:62)
	at sun.reflect.DelegatingConstructorAccessorImpl.newInstance(DelegatingConstructorAccessorImpl.java:45)
	at java.lang.reflect.Constructor.newInstance(Constructor.java:423)
	at com.mysql.jdbc.Util.handleNewInstance(Util.java:411)
	at com.mysql.jdbc.ConnectionImpl.getInstance(ConnectionImpl.java:416)
	at com.mysql.jdbc.NonRegisteringDriver.connect(NonRegisteringDriver.java:346)
	at com.alibaba.druid.pool.DruidAbstractDataSource.createPhysicalConnection(DruidAbstractDataSource.java:1652)
	at com.alibaba.druid.pool.DruidAbstractDataSource.createPhysicalConnection(DruidAbstractDataSource.java:1718)
	at com.alibaba.druid.pool.DruidDataSource$CreateConnectionThread.run(DruidDataSource.java:2785)
2021-07-07 19:45:31,063 ERROR DruidDataSource:2787 - create connection SQLException, url: jdbc:mysql://localhost:3306/demo?useUnicode=true&characterEncoding=utf8, errorCode 1045, state 28000
java.sql.SQLException: Access denied for user '79016'@'localhost' (using password: YES)
	at com.mysql.jdbc.SQLError.createSQLException(SQLError.java:1078)
	at com.mysql.jdbc.MysqlIO.checkErrorPacket(MysqlIO.java:4187)
	at com.mysql.jdbc.MysqlIO.checkErrorPacket(MysqlIO.java:4119)
	at com.mysql.jdbc.MysqlIO.checkErrorPacket(MysqlIO.java:927)
	at com.mysql.jdbc.MysqlIO.proceedHandshakeWithPluggableAuthentication(MysqlIO.java:1709)
	at com.mysql.jdbc.MysqlIO.doHandshake(MysqlIO.java:1252)
	at com.mysql.jdbc.ConnectionImpl.coreConnect(ConnectionImpl.java:2483)
	at com.mysql.jdbc.ConnectionImpl.connectOneTryOnly(ConnectionImpl.java:2516)
	at com.mysql.jdbc.ConnectionImpl.createNewIO(ConnectionImpl.java:2301)
	at com.mysql.jdbc.ConnectionImpl.<init>(ConnectionImpl.java:834)
	at com.mysql.jdbc.JDBC4Connection.<init>(JDBC4Connection.java:47)
	at sun.reflect.NativeConstructorAccessorImpl.newInstance0(Native Method)
	at sun.reflect.NativeConstructorAccessorImpl.newInstance(NativeConstructorAccessorImpl.java:62)
	at sun.reflect.DelegatingConstructorAccessorImpl.newInstance(DelegatingConstructorAccessorImpl.java:45)
	at java.lang.reflect.Constructor.newInstance(Constructor.java:423)
	at com.mysql.jdbc.Util.handleNewInstance(Util.java:411)
	at com.mysql.jdbc.ConnectionImpl.getInstance(ConnectionImpl.java:416)
	at com.mysql.jdbc.NonRegisteringDriver.connect(NonRegisteringDriver.java:346)
	at com.alibaba.druid.pool.DruidAbstractDataSource.createPhysicalConnection(DruidAbstractDataSource.java:1652)
	at com.alibaba.druid.pool.DruidAbstractDataSource.createPhysicalConnection(DruidAbstractDataSource.java:1718)
	at com.alibaba.druid.pool.DruidDataSource$CreateConnectionThread.run(DruidDataSource.java:2785)
2021-07-07 19:45:31,580 ERROR DruidDataSource:2787 - create connection SQLException, url: jdbc:mysql://localhost:3306/demo?useUnicode=true&characterEncoding=utf8, errorCode 1045, state 28000
java.sql.SQLException: Access denied for user '79016'@'localhost' (using password: YES)
	at com.mysql.jdbc.SQLError.createSQLException(SQLError.java:1078)
	at com.mysql.jdbc.MysqlIO.checkErrorPacket(MysqlIO.java:4187)
	at com.mysql.jdbc.MysqlIO.checkErrorPacket(MysqlIO.java:4119)
	at com.mysql.jdbc.MysqlIO.checkErrorPacket(MysqlIO.java:927)
	at com.mysql.jdbc.MysqlIO.proceedHandshakeWithPluggableAuthentication(MysqlIO.java:1709)
	at com.mysql.jdbc.MysqlIO.doHandshake(MysqlIO.java:1252)
	at com.mysql.jdbc.ConnectionImpl.coreConnect(ConnectionImpl.java:2483)
	at com.mysql.jdbc.ConnectionImpl.connectOneTryOnly(ConnectionImpl.java:2516)
	at com.mysql.jdbc.ConnectionImpl.createNewIO(ConnectionImpl.java:2301)
	at com.mysql.jdbc.ConnectionImpl.<init>(ConnectionImpl.java:834)
	at com.mysql.jdbc.JDBC4Connection.<init>(JDBC4Connection.java:47)
	at sun.reflect.NativeConstructorAccessorImpl.newInstance0(Native Method)
	at sun.reflect.NativeConstructorAccessorImpl.newInstance(NativeConstructorAccessorImpl.java:62)
	at sun.reflect.DelegatingConstructorAccessorImpl.newInstance(DelegatingConstructorAccessorImpl.java:45)
	at java.lang.reflect.Constructor.newInstance(Constructor.java:423)
	at com.mysql.jdbc.Util.handleNewInstance(Util.java:411)
	at com.mysql.jdbc.ConnectionImpl.getInstance(ConnectionImpl.java:416)
	at com.mysql.jdbc.NonRegisteringDriver.connect(NonRegisteringDriver.java:346)
	at com.alibaba.druid.pool.DruidAbstractDataSource.createPhysicalConnection(DruidAbstractDataSource.java:1652)
	at com.alibaba.druid.pool.DruidAbstractDataSource.createPhysicalConnection(DruidAbstractDataSource.java:1718)
	at com.alibaba.druid.pool.DruidDataSource$CreateConnectionThread.run(DruidDataSource.java:2785)
2021-07-07 19:47:41,901  INFO DruidDataSource:985 - {dataSource-1} inited
2021-07-07 19:47:42,147 ERROR DruidDataSource:2787 - create connection SQLException, url: jdbc:mysql://localhost:3306/demo?useUnicode=true&characterEncoding=utf8, errorCode 1045, state 28000
java.sql.SQLException: Access denied for user '79016'@'localhost' (using password: YES)
	at com.mysql.jdbc.SQLError.createSQLException(SQLError.java:1078)
	at com.mysql.jdbc.MysqlIO.checkErrorPacket(MysqlIO.java:4187)
	at com.mysql.jdbc.MysqlIO.checkErrorPacket(MysqlIO.java:4119)
	at com.mysql.jdbc.MysqlIO.checkErrorPacket(MysqlIO.java:927)
	at com.mysql.jdbc.MysqlIO.proceedHandshakeWithPluggableAuthentication(MysqlIO.java:1709)
	at com.mysql.jdbc.MysqlIO.doHandshake(MysqlIO.java:1252)
	at com.mysql.jdbc.ConnectionImpl.coreConnect(ConnectionImpl.java:2483)
	at com.mysql.jdbc.ConnectionImpl.connectOneTryOnly(ConnectionImpl.java:2516)
	at com.mysql.jdbc.ConnectionImpl.createNewIO(ConnectionImpl.java:2301)
	at com.mysql.jdbc.ConnectionImpl.<init>(ConnectionImpl.java:834)
	at com.mysql.jdbc.JDBC4Connection.<init>(JDBC4Connection.java:47)
	at sun.reflect.NativeConstructorAccessorImpl.newInstance0(Native Method)
	at sun.reflect.NativeConstructorAccessorImpl.newInstance(NativeConstructorAccessorImpl.java:62)
	at sun.reflect.DelegatingConstructorAccessorImpl.newInstance(DelegatingConstructorAccessorImpl.java:45)
	at java.lang.reflect.Constructor.newInstance(Constructor.java:423)
	at com.mysql.jdbc.Util.handleNewInstance(Util.java:411)
	at com.mysql.jdbc.ConnectionImpl.getInstance(ConnectionImpl.java:416)
	at com.mysql.jdbc.NonRegisteringDriver.connect(NonRegisteringDriver.java:346)
	at com.alibaba.druid.pool.DruidAbstractDataSource.createPhysicalConnection(DruidAbstractDataSource.java:1652)
	at com.alibaba.druid.pool.DruidAbstractDataSource.createPhysicalConnection(DruidAbstractDataSource.java:1718)
	at com.alibaba.druid.pool.DruidDataSource$CreateConnectionThread.run(DruidDataSource.java:2785)
2021-07-07 19:47:42,153 ERROR DruidDataSource:2787 - create connection SQLException, url: jdbc:mysql://localhost:3306/demo?useUnicode=true&characterEncoding=utf8, errorCode 1045, state 28000
java.sql.SQLException: Access denied for user '79016'@'localhost' (using password: YES)
	at com.mysql.jdbc.SQLError.createSQLException(SQLError.java:1078)
	at com.mysql.jdbc.MysqlIO.checkErrorPacket(MysqlIO.java:4187)
	at com.mysql.jdbc.MysqlIO.checkErrorPacket(MysqlIO.java:4119)
	at com.mysql.jdbc.MysqlIO.checkErrorPacket(MysqlIO.java:927)
	at com.mysql.jdbc.MysqlIO.proceedHandshakeWithPluggableAuthentication(MysqlIO.java:1709)
	at com.mysql.jdbc.MysqlIO.doHandshake(MysqlIO.java:1252)
	at com.mysql.jdbc.ConnectionImpl.coreConnect(ConnectionImpl.java:2483)
	at com.mysql.jdbc.ConnectionImpl.connectOneTryOnly(ConnectionImpl.java:2516)
	at com.mysql.jdbc.ConnectionImpl.createNewIO(ConnectionImpl.java:2301)
	at com.mysql.jdbc.ConnectionImpl.<init>(ConnectionImpl.java:834)
	at com.mysql.jdbc.JDBC4Connection.<init>(JDBC4Connection.java:47)
	at sun.reflect.NativeConstructorAccessorImpl.newInstance0(Native Method)
	at sun.reflect.NativeConstructorAccessorImpl.newInstance(NativeConstructorAccessorImpl.java:62)
	at sun.reflect.DelegatingConstructorAccessorImpl.newInstance(DelegatingConstructorAccessorImpl.java:45)
	at java.lang.reflect.Constructor.newInstance(Constructor.java:423)
	at com.mysql.jdbc.Util.handleNewInstance(Util.java:411)
	at com.mysql.jdbc.ConnectionImpl.getInstance(ConnectionImpl.java:416)
	at com.mysql.jdbc.NonRegisteringDriver.connect(NonRegisteringDriver.java:346)
	at com.alibaba.druid.pool.DruidAbstractDataSource.createPhysicalConnection(DruidAbstractDataSource.java:1652)
	at com.alibaba.druid.pool.DruidAbstractDataSource.createPhysicalConnection(DruidAbstractDataSource.java:1718)
	at com.alibaba.druid.pool.DruidDataSource$CreateConnectionThread.run(DruidDataSource.java:2785)
2021-07-07 19:47:42,153  INFO DruidAbstractDataSource:1799 - {dataSource-1} failContinuous is true
2021-07-07 19:47:42,663 ERROR DruidDataSource:2787 - create connection SQLException, url: jdbc:mysql://localhost:3306/demo?useUnicode=true&characterEncoding=utf8, errorCode 1045, state 28000
java.sql.SQLException: Access denied for user '79016'@'localhost' (using password: YES)
	at com.mysql.jdbc.SQLError.createSQLException(SQLError.java:1078)
	at com.mysql.jdbc.MysqlIO.checkErrorPacket(MysqlIO.java:4187)
	at com.mysql.jdbc.MysqlIO.checkErrorPacket(MysqlIO.java:4119)
	at com.mysql.jdbc.MysqlIO.checkErrorPacket(MysqlIO.java:927)
	at com.mysql.jdbc.MysqlIO.proceedHandshakeWithPluggableAuthentication(MysqlIO.java:1709)
	at com.mysql.jdbc.MysqlIO.doHandshake(MysqlIO.java:1252)
	at com.mysql.jdbc.ConnectionImpl.coreConnect(ConnectionImpl.java:2483)
	at com.mysql.jdbc.ConnectionImpl.connectOneTryOnly(ConnectionImpl.java:2516)
	at com.mysql.jdbc.ConnectionImpl.createNewIO(ConnectionImpl.java:2301)
	at com.mysql.jdbc.ConnectionImpl.<init>(ConnectionImpl.java:834)
	at com.mysql.jdbc.JDBC4Connection.<init>(JDBC4Connection.java:47)
	at sun.reflect.NativeConstructorAccessorImpl.newInstance0(Native Method)
	at sun.reflect.NativeConstructorAccessorImpl.newInstance(NativeConstructorAccessorImpl.java:62)
	at sun.reflect.DelegatingConstructorAccessorImpl.newInstance(DelegatingConstructorAccessorImpl.java:45)
	at java.lang.reflect.Constructor.newInstance(Constructor.java:423)
	at com.mysql.jdbc.Util.handleNewInstance(Util.java:411)
	at com.mysql.jdbc.ConnectionImpl.getInstance(ConnectionImpl.java:416)
	at com.mysql.jdbc.NonRegisteringDriver.connect(NonRegisteringDriver.java:346)
	at com.alibaba.druid.pool.DruidAbstractDataSource.createPhysicalConnection(DruidAbstractDataSource.java:1652)
	at com.alibaba.druid.pool.DruidAbstractDataSource.createPhysicalConnection(DruidAbstractDataSource.java:1718)
	at com.alibaba.druid.pool.DruidDataSource$CreateConnectionThread.run(DruidDataSource.java:2785)
2021-07-07 19:47:43,178 ERROR DruidDataSource:2787 - create connection SQLException, url: jdbc:mysql://localhost:3306/demo?useUnicode=true&characterEncoding=utf8, errorCode 1045, state 28000
java.sql.SQLException: Access denied for user '79016'@'localhost' (using password: YES)
	at com.mysql.jdbc.SQLError.createSQLException(SQLError.java:1078)
	at com.mysql.jdbc.MysqlIO.checkErrorPacket(MysqlIO.java:4187)
	at com.mysql.jdbc.MysqlIO.checkErrorPacket(MysqlIO.java:4119)
	at com.mysql.jdbc.MysqlIO.checkErrorPacket(MysqlIO.java:927)
	at com.mysql.jdbc.MysqlIO.proceedHandshakeWithPluggableAuthentication(MysqlIO.java:1709)
	at com.mysql.jdbc.MysqlIO.doHandshake(MysqlIO.java:1252)
	at com.mysql.jdbc.ConnectionImpl.coreConnect(ConnectionImpl.java:2483)
	at com.mysql.jdbc.ConnectionImpl.connectOneTryOnly(ConnectionImpl.java:2516)
	at com.mysql.jdbc.ConnectionImpl.createNewIO(ConnectionImpl.java:2301)
	at com.mysql.jdbc.ConnectionImpl.<init>(ConnectionImpl.java:834)
	at com.mysql.jdbc.JDBC4Connection.<init>(JDBC4Connection.java:47)
	at sun.reflect.NativeConstructorAccessorImpl.newInstance0(Native Method)
	at sun.reflect.NativeConstructorAccessorImpl.newInstance(NativeConstructorAccessorImpl.java:62)
	at sun.reflect.DelegatingConstructorAccessorImpl.newInstance(DelegatingConstructorAccessorImpl.java:45)
	at java.lang.reflect.Constructor.newInstance(Constructor.java:423)
	at com.mysql.jdbc.Util.handleNewInstance(Util.java:411)
	at com.mysql.jdbc.ConnectionImpl.getInstance(ConnectionImpl.java:416)
	at com.mysql.jdbc.NonRegisteringDriver.connect(NonRegisteringDriver.java:346)
	at com.alibaba.druid.pool.DruidAbstractDataSource.createPhysicalConnection(DruidAbstractDataSource.java:1652)
	at com.alibaba.druid.pool.DruidAbstractDataSource.createPhysicalConnection(DruidAbstractDataSource.java:1718)
	at com.alibaba.druid.pool.DruidDataSource$CreateConnectionThread.run(DruidDataSource.java:2785)
2021-07-07 19:47:43,696 ERROR DruidDataSource:2787 - create connection SQLException, url: jdbc:mysql://localhost:3306/demo?useUnicode=true&characterEncoding=utf8, errorCode 1045, state 28000
java.sql.SQLException: Access denied for user '79016'@'localhost' (using password: YES)
	at com.mysql.jdbc.SQLError.createSQLException(SQLError.java:1078)
	at com.mysql.jdbc.MysqlIO.checkErrorPacket(MysqlIO.java:4187)
	at com.mysql.jdbc.MysqlIO.checkErrorPacket(MysqlIO.java:4119)
	at com.mysql.jdbc.MysqlIO.checkErrorPacket(MysqlIO.java:927)
	at com.mysql.jdbc.MysqlIO.proceedHandshakeWithPluggableAuthentication(MysqlIO.java:1709)
	at com.mysql.jdbc.MysqlIO.doHandshake(MysqlIO.java:1252)
	at com.mysql.jdbc.ConnectionImpl.coreConnect(ConnectionImpl.java:2483)
	at com.mysql.jdbc.ConnectionImpl.connectOneTryOnly(ConnectionImpl.java:2516)
	at com.mysql.jdbc.ConnectionImpl.createNewIO(ConnectionImpl.java:2301)
	at com.mysql.jdbc.ConnectionImpl.<init>(ConnectionImpl.java:834)
	at com.mysql.jdbc.JDBC4Connection.<init>(JDBC4Connection.java:47)
	at sun.reflect.NativeConstructorAccessorImpl.newInstance0(Native Method)
	at sun.reflect.NativeConstructorAccessorImpl.newInstance(NativeConstructorAccessorImpl.java:62)
	at sun.reflect.DelegatingConstructorAccessorImpl.newInstance(DelegatingConstructorAccessorImpl.java:45)
	at java.lang.reflect.Constructor.newInstance(Constructor.java:423)
	at com.mysql.jdbc.Util.handleNewInstance(Util.java:411)
	at com.mysql.jdbc.ConnectionImpl.getInstance(ConnectionImpl.java:416)
	at com.mysql.jdbc.NonRegisteringDriver.connect(NonRegisteringDriver.java:346)
	at com.alibaba.druid.pool.DruidAbstractDataSource.createPhysicalConnection(DruidAbstractDataSource.java:1652)
	at com.alibaba.druid.pool.DruidAbstractDataSource.createPhysicalConnection(DruidAbstractDataSource.java:1718)
	at com.alibaba.druid.pool.DruidDataSource$CreateConnectionThread.run(DruidDataSource.java:2785)
2021-07-07 19:47:44,206 ERROR DruidDataSource:2787 - create connection SQLException, url: jdbc:mysql://localhost:3306/demo?useUnicode=true&characterEncoding=utf8, errorCode 1045, state 28000
java.sql.SQLException: Access denied for user '79016'@'localhost' (using password: YES)
	at com.mysql.jdbc.SQLError.createSQLException(SQLError.java:1078)
	at com.mysql.jdbc.MysqlIO.checkErrorPacket(MysqlIO.java:4187)
	at com.mysql.jdbc.MysqlIO.checkErrorPacket(MysqlIO.java:4119)
	at com.mysql.jdbc.MysqlIO.checkErrorPacket(MysqlIO.java:927)
	at com.mysql.jdbc.MysqlIO.proceedHandshakeWithPluggableAuthentication(MysqlIO.java:1709)
	at com.mysql.jdbc.MysqlIO.doHandshake(MysqlIO.java:1252)
	at com.mysql.jdbc.ConnectionImpl.coreConnect(ConnectionImpl.java:2483)
	at com.mysql.jdbc.ConnectionImpl.connectOneTryOnly(ConnectionImpl.java:2516)
	at com.mysql.jdbc.ConnectionImpl.createNewIO(ConnectionImpl.java:2301)
	at com.mysql.jdbc.ConnectionImpl.<init>(ConnectionImpl.java:834)
	at com.mysql.jdbc.JDBC4Connection.<init>(JDBC4Connection.java:47)
	at sun.reflect.NativeConstructorAccessorImpl.newInstance0(Native Method)
	at sun.reflect.NativeConstructorAccessorImpl.newInstance(NativeConstructorAccessorImpl.java:62)
	at sun.reflect.DelegatingConstructorAccessorImpl.newInstance(DelegatingConstructorAccessorImpl.java:45)
	at java.lang.reflect.Constructor.newInstance(Constructor.java:423)
	at com.mysql.jdbc.Util.handleNewInstance(Util.java:411)
	at com.mysql.jdbc.ConnectionImpl.getInstance(ConnectionImpl.java:416)
	at com.mysql.jdbc.NonRegisteringDriver.connect(NonRegisteringDriver.java:346)
	at com.alibaba.druid.pool.DruidAbstractDataSource.createPhysicalConnection(DruidAbstractDataSource.java:1652)
	at com.alibaba.druid.pool.DruidAbstractDataSource.createPhysicalConnection(DruidAbstractDataSource.java:1718)
	at com.alibaba.druid.pool.DruidDataSource$CreateConnectionThread.run(DruidDataSource.java:2785)
2021-07-07 19:48:51,831  INFO DruidDataSource:985 - {dataSource-1} inited
2021-07-07 19:48:53,116 ERROR DruidDataSource:2787 - create connection SQLException, url: jdbc:mysql://localhost:3306/demo?useUnicode=true&characterEncoding=utf8, errorCode 1045, state 28000
java.sql.SQLException: Access denied for user '79016'@'localhost' (using password: YES)
	at com.mysql.jdbc.SQLError.createSQLException(SQLError.java:965)
	at com.mysql.jdbc.MysqlIO.checkErrorPacket(MysqlIO.java:3976)
	at com.mysql.jdbc.MysqlIO.checkErrorPacket(MysqlIO.java:3912)
	at com.mysql.jdbc.MysqlIO.checkErrorPacket(MysqlIO.java:871)
	at com.mysql.jdbc.MysqlIO.proceedHandshakeWithPluggableAuthentication(MysqlIO.java:1714)
	at com.mysql.jdbc.MysqlIO.doHandshake(MysqlIO.java:1224)
	at com.mysql.jdbc.ConnectionImpl.coreConnect(ConnectionImpl.java:2190)
	at com.mysql.jdbc.ConnectionImpl.connectOneTryOnly(ConnectionImpl.java:2221)
	at com.mysql.jdbc.ConnectionImpl.createNewIO(ConnectionImpl.java:2016)
	at com.mysql.jdbc.ConnectionImpl.<init>(ConnectionImpl.java:776)
	at com.mysql.jdbc.JDBC4Connection.<init>(JDBC4Connection.java:47)
	at sun.reflect.NativeConstructorAccessorImpl.newInstance0(Native Method)
	at sun.reflect.NativeConstructorAccessorImpl.newInstance(NativeConstructorAccessorImpl.java:62)
	at sun.reflect.DelegatingConstructorAccessorImpl.newInstance(DelegatingConstructorAccessorImpl.java:45)
	at java.lang.reflect.Constructor.newInstance(Constructor.java:423)
	at com.mysql.jdbc.Util.handleNewInstance(Util.java:425)
	at com.mysql.jdbc.ConnectionImpl.getInstance(ConnectionImpl.java:386)
	at com.mysql.jdbc.NonRegisteringDriver.connect(NonRegisteringDriver.java:330)
	at com.alibaba.druid.pool.DruidAbstractDataSource.createPhysicalConnection(DruidAbstractDataSource.java:1652)
	at com.alibaba.druid.pool.DruidAbstractDataSource.createPhysicalConnection(DruidAbstractDataSource.java:1718)
	at com.alibaba.druid.pool.DruidDataSource$CreateConnectionThread.run(DruidDataSource.java:2785)
2021-07-07 19:48:53,160 ERROR DruidDataSource:2787 - create connection SQLException, url: jdbc:mysql://localhost:3306/demo?useUnicode=true&characterEncoding=utf8, errorCode 1045, state 28000
java.sql.SQLException: Access denied for user '79016'@'localhost' (using password: YES)
	at com.mysql.jdbc.SQLError.createSQLException(SQLError.java:965)
	at com.mysql.jdbc.MysqlIO.checkErrorPacket(MysqlIO.java:3976)
	at com.mysql.jdbc.MysqlIO.checkErrorPacket(MysqlIO.java:3912)
	at com.mysql.jdbc.MysqlIO.checkErrorPacket(MysqlIO.java:871)
	at com.mysql.jdbc.MysqlIO.proceedHandshakeWithPluggableAuthentication(MysqlIO.java:1714)
	at com.mysql.jdbc.MysqlIO.doHandshake(MysqlIO.java:1224)
	at com.mysql.jdbc.ConnectionImpl.coreConnect(ConnectionImpl.java:2190)
	at com.mysql.jdbc.ConnectionImpl.connectOneTryOnly(ConnectionImpl.java:2221)
	at com.mysql.jdbc.ConnectionImpl.createNewIO(ConnectionImpl.java:2016)
	at com.mysql.jdbc.ConnectionImpl.<init>(ConnectionImpl.java:776)
	at com.mysql.jdbc.JDBC4Connection.<init>(JDBC4Connection.java:47)
	at sun.reflect.NativeConstructorAccessorImpl.newInstance0(Native Method)
	at sun.reflect.NativeConstructorAccessorImpl.newInstance(NativeConstructorAccessorImpl.java:62)
	at sun.reflect.DelegatingConstructorAccessorImpl.newInstance(DelegatingConstructorAccessorImpl.java:45)
	at java.lang.reflect.Constructor.newInstance(Constructor.java:423)
	at com.mysql.jdbc.Util.handleNewInstance(Util.java:425)
	at com.mysql.jdbc.ConnectionImpl.getInstance(ConnectionImpl.java:386)
	at com.mysql.jdbc.NonRegisteringDriver.connect(NonRegisteringDriver.java:330)
	at com.alibaba.druid.pool.DruidAbstractDataSource.createPhysicalConnection(DruidAbstractDataSource.java:1652)
	at com.alibaba.druid.pool.DruidAbstractDataSource.createPhysicalConnection(DruidAbstractDataSource.java:1718)
	at com.alibaba.druid.pool.DruidDataSource$CreateConnectionThread.run(DruidDataSource.java:2785)
2021-07-07 19:48:53,161  INFO DruidAbstractDataSource:1799 - {dataSource-1} failContinuous is true
2021-07-07 19:48:53,709 ERROR DruidDataSource:2787 - create connection SQLException, url: jdbc:mysql://localhost:3306/demo?useUnicode=true&characterEncoding=utf8, errorCode 1045, state 28000
java.sql.SQLException: Access denied for user '79016'@'localhost' (using password: YES)
	at com.mysql.jdbc.SQLError.createSQLException(SQLError.java:965)
	at com.mysql.jdbc.MysqlIO.checkErrorPacket(MysqlIO.java:3976)
	at com.mysql.jdbc.MysqlIO.checkErrorPacket(MysqlIO.java:3912)
	at com.mysql.jdbc.MysqlIO.checkErrorPacket(MysqlIO.java:871)
	at com.mysql.jdbc.MysqlIO.proceedHandshakeWithPluggableAuthentication(MysqlIO.java:1714)
	at com.mysql.jdbc.MysqlIO.doHandshake(MysqlIO.java:1224)
	at com.mysql.jdbc.ConnectionImpl.coreConnect(ConnectionImpl.java:2190)
	at com.mysql.jdbc.ConnectionImpl.connectOneTryOnly(ConnectionImpl.java:2221)
	at com.mysql.jdbc.ConnectionImpl.createNewIO(ConnectionImpl.java:2016)
	at com.mysql.jdbc.ConnectionImpl.<init>(ConnectionImpl.java:776)
	at com.mysql.jdbc.JDBC4Connection.<init>(JDBC4Connection.java:47)
	at sun.reflect.NativeConstructorAccessorImpl.newInstance0(Native Method)
	at sun.reflect.NativeConstructorAccessorImpl.newInstance(NativeConstructorAccessorImpl.java:62)
	at sun.reflect.DelegatingConstructorAccessorImpl.newInstance(DelegatingConstructorAccessorImpl.java:45)
	at java.lang.reflect.Constructor.newInstance(Constructor.java:423)
	at com.mysql.jdbc.Util.handleNewInstance(Util.java:425)
	at com.mysql.jdbc.ConnectionImpl.getInstance(ConnectionImpl.java:386)
	at com.mysql.jdbc.NonRegisteringDriver.connect(NonRegisteringDriver.java:330)
	at com.alibaba.druid.pool.DruidAbstractDataSource.createPhysicalConnection(DruidAbstractDataSource.java:1652)
	at com.alibaba.druid.pool.DruidAbstractDataSource.createPhysicalConnection(DruidAbstractDataSource.java:1718)
	at com.alibaba.druid.pool.DruidDataSource$CreateConnectionThread.run(DruidDataSource.java:2785)
2021-07-07 19:48:54,258 ERROR DruidDataSource:2787 - create connection SQLException, url: jdbc:mysql://localhost:3306/demo?useUnicode=true&characterEncoding=utf8, errorCode 1045, state 28000
java.sql.SQLException: Access denied for user '79016'@'localhost' (using password: YES)
	at com.mysql.jdbc.SQLError.createSQLException(SQLError.java:965)
	at com.mysql.jdbc.MysqlIO.checkErrorPacket(MysqlIO.java:3976)
	at com.mysql.jdbc.MysqlIO.checkErrorPacket(MysqlIO.java:3912)
	at com.mysql.jdbc.MysqlIO.checkErrorPacket(MysqlIO.java:871)
	at com.mysql.jdbc.MysqlIO.proceedHandshakeWithPluggableAuthentication(MysqlIO.java:1714)
	at com.mysql.jdbc.MysqlIO.doHandshake(MysqlIO.java:1224)
	at com.mysql.jdbc.ConnectionImpl.coreConnect(ConnectionImpl.java:2190)
	at com.mysql.jdbc.ConnectionImpl.connectOneTryOnly(ConnectionImpl.java:2221)
	at com.mysql.jdbc.ConnectionImpl.createNewIO(ConnectionImpl.java:2016)
	at com.mysql.jdbc.ConnectionImpl.<init>(ConnectionImpl.java:776)
	at com.mysql.jdbc.JDBC4Connection.<init>(JDBC4Connection.java:47)
	at sun.reflect.NativeConstructorAccessorImpl.newInstance0(Native Method)
	at sun.reflect.NativeConstructorAccessorImpl.newInstance(NativeConstructorAccessorImpl.java:62)
	at sun.reflect.DelegatingConstructorAccessorImpl.newInstance(DelegatingConstructorAccessorImpl.java:45)
	at java.lang.reflect.Constructor.newInstance(Constructor.java:423)
	at com.mysql.jdbc.Util.handleNewInstance(Util.java:425)
	at com.mysql.jdbc.ConnectionImpl.getInstance(ConnectionImpl.java:386)
	at com.mysql.jdbc.NonRegisteringDriver.connect(NonRegisteringDriver.java:330)
	at com.alibaba.druid.pool.DruidAbstractDataSource.createPhysicalConnection(DruidAbstractDataSource.java:1652)
	at com.alibaba.druid.pool.DruidAbstractDataSource.createPhysicalConnection(DruidAbstractDataSource.java:1718)
	at com.alibaba.druid.pool.DruidDataSource$CreateConnectionThread.run(DruidDataSource.java:2785)
2021-07-07 19:48:54,806 ERROR DruidDataSource:2787 - create connection SQLException, url: jdbc:mysql://localhost:3306/demo?useUnicode=true&characterEncoding=utf8, errorCode 1045, state 28000
java.sql.SQLException: Access denied for user '79016'@'localhost' (using password: YES)
	at com.mysql.jdbc.SQLError.createSQLException(SQLError.java:965)
	at com.mysql.jdbc.MysqlIO.checkErrorPacket(MysqlIO.java:3976)
	at com.mysql.jdbc.MysqlIO.checkErrorPacket(MysqlIO.java:3912)
	at com.mysql.jdbc.MysqlIO.checkErrorPacket(MysqlIO.java:871)
	at com.mysql.jdbc.MysqlIO.proceedHandshakeWithPluggableAuthentication(MysqlIO.java:1714)
	at com.mysql.jdbc.MysqlIO.doHandshake(MysqlIO.java:1224)
	at com.mysql.jdbc.ConnectionImpl.coreConnect(ConnectionImpl.java:2190)
	at com.mysql.jdbc.ConnectionImpl.connectOneTryOnly(ConnectionImpl.java:2221)
	at com.mysql.jdbc.ConnectionImpl.createNewIO(ConnectionImpl.java:2016)
	at com.mysql.jdbc.ConnectionImpl.<init>(ConnectionImpl.java:776)
	at com.mysql.jdbc.JDBC4Connection.<init>(JDBC4Connection.java:47)
	at sun.reflect.NativeConstructorAccessorImpl.newInstance0(Native Method)
	at sun.reflect.NativeConstructorAccessorImpl.newInstance(NativeConstructorAccessorImpl.java:62)
	at sun.reflect.DelegatingConstructorAccessorImpl.newInstance(DelegatingConstructorAccessorImpl.java:45)
	at java.lang.reflect.Constructor.newInstance(Constructor.java:423)
	at com.mysql.jdbc.Util.handleNewInstance(Util.java:425)
	at com.mysql.jdbc.ConnectionImpl.getInstance(ConnectionImpl.java:386)
	at com.mysql.jdbc.NonRegisteringDriver.connect(NonRegisteringDriver.java:330)
	at com.alibaba.druid.pool.DruidAbstractDataSource.createPhysicalConnection(DruidAbstractDataSource.java:1652)
	at com.alibaba.druid.pool.DruidAbstractDataSource.createPhysicalConnection(DruidAbstractDataSource.java:1718)
	at com.alibaba.druid.pool.DruidDataSource$CreateConnectionThread.run(DruidDataSource.java:2785)
2021-07-07 19:51:10,627  INFO DruidDataSource:930 - {dataSource-1} inited
2021-07-07 19:51:11,711 ERROR DruidDataSource:2471 - create connection SQLException, url: jdbc:mysql://localhost:3306/demo?useUnicode=true&characterEncoding=utf8, errorCode 1045, state 28000
java.sql.SQLException: Access denied for user '79016'@'localhost' (using password: YES)
	at com.mysql.jdbc.SQLError.createSQLException(SQLError.java:965)
	at com.mysql.jdbc.MysqlIO.checkErrorPacket(MysqlIO.java:3976)
	at com.mysql.jdbc.MysqlIO.checkErrorPacket(MysqlIO.java:3912)
	at com.mysql.jdbc.MysqlIO.checkErrorPacket(MysqlIO.java:871)
	at com.mysql.jdbc.MysqlIO.proceedHandshakeWithPluggableAuthentication(MysqlIO.java:1714)
	at com.mysql.jdbc.MysqlIO.doHandshake(MysqlIO.java:1224)
	at com.mysql.jdbc.ConnectionImpl.coreConnect(ConnectionImpl.java:2190)
	at com.mysql.jdbc.ConnectionImpl.connectOneTryOnly(ConnectionImpl.java:2221)
	at com.mysql.jdbc.ConnectionImpl.createNewIO(ConnectionImpl.java:2016)
	at com.mysql.jdbc.ConnectionImpl.<init>(ConnectionImpl.java:776)
	at com.mysql.jdbc.JDBC4Connection.<init>(JDBC4Connection.java:47)
	at sun.reflect.NativeConstructorAccessorImpl.newInstance0(Native Method)
	at sun.reflect.NativeConstructorAccessorImpl.newInstance(NativeConstructorAccessorImpl.java:62)
	at sun.reflect.DelegatingConstructorAccessorImpl.newInstance(DelegatingConstructorAccessorImpl.java:45)
	at java.lang.reflect.Constructor.newInstance(Constructor.java:423)
	at com.mysql.jdbc.Util.handleNewInstance(Util.java:425)
	at com.mysql.jdbc.ConnectionImpl.getInstance(ConnectionImpl.java:386)
	at com.mysql.jdbc.NonRegisteringDriver.connect(NonRegisteringDriver.java:330)
	at com.alibaba.druid.pool.DruidAbstractDataSource.createPhysicalConnection(DruidAbstractDataSource.java:1558)
	at com.alibaba.druid.pool.DruidAbstractDataSource.createPhysicalConnection(DruidAbstractDataSource.java:1623)
	at com.alibaba.druid.pool.DruidDataSource$CreateConnectionThread.run(DruidDataSource.java:2468)
2021-07-07 19:51:11,760 ERROR DruidDataSource:2471 - create connection SQLException, url: jdbc:mysql://localhost:3306/demo?useUnicode=true&characterEncoding=utf8, errorCode 1045, state 28000
java.sql.SQLException: Access denied for user '79016'@'localhost' (using password: YES)
	at com.mysql.jdbc.SQLError.createSQLException(SQLError.java:965)
	at com.mysql.jdbc.MysqlIO.checkErrorPacket(MysqlIO.java:3976)
	at com.mysql.jdbc.MysqlIO.checkErrorPacket(MysqlIO.java:3912)
	at com.mysql.jdbc.MysqlIO.checkErrorPacket(MysqlIO.java:871)
	at com.mysql.jdbc.MysqlIO.proceedHandshakeWithPluggableAuthentication(MysqlIO.java:1714)
	at com.mysql.jdbc.MysqlIO.doHandshake(MysqlIO.java:1224)
	at com.mysql.jdbc.ConnectionImpl.coreConnect(ConnectionImpl.java:2190)
	at com.mysql.jdbc.ConnectionImpl.connectOneTryOnly(ConnectionImpl.java:2221)
	at com.mysql.jdbc.ConnectionImpl.createNewIO(ConnectionImpl.java:2016)
	at com.mysql.jdbc.ConnectionImpl.<init>(ConnectionImpl.java:776)
	at com.mysql.jdbc.JDBC4Connection.<init>(JDBC4Connection.java:47)
	at sun.reflect.NativeConstructorAccessorImpl.newInstance0(Native Method)
	at sun.reflect.NativeConstructorAccessorImpl.newInstance(NativeConstructorAccessorImpl.java:62)
	at sun.reflect.DelegatingConstructorAccessorImpl.newInstance(DelegatingConstructorAccessorImpl.java:45)
	at java.lang.reflect.Constructor.newInstance(Constructor.java:423)
	at com.mysql.jdbc.Util.handleNewInstance(Util.java:425)
	at com.mysql.jdbc.ConnectionImpl.getInstance(ConnectionImpl.java:386)
	at com.mysql.jdbc.NonRegisteringDriver.connect(NonRegisteringDriver.java:330)
	at com.alibaba.druid.pool.DruidAbstractDataSource.createPhysicalConnection(DruidAbstractDataSource.java:1558)
	at com.alibaba.druid.pool.DruidAbstractDataSource.createPhysicalConnection(DruidAbstractDataSource.java:1623)
	at com.alibaba.druid.pool.DruidDataSource$CreateConnectionThread.run(DruidDataSource.java:2468)
2021-07-07 19:51:12,299 ERROR DruidDataSource:2471 - create connection SQLException, url: jdbc:mysql://localhost:3306/demo?useUnicode=true&characterEncoding=utf8, errorCode 1045, state 28000
java.sql.SQLException: Access denied for user '79016'@'localhost' (using password: YES)
	at com.mysql.jdbc.SQLError.createSQLException(SQLError.java:965)
	at com.mysql.jdbc.MysqlIO.checkErrorPacket(MysqlIO.java:3976)
	at com.mysql.jdbc.MysqlIO.checkErrorPacket(MysqlIO.java:3912)
	at com.mysql.jdbc.MysqlIO.checkErrorPacket(MysqlIO.java:871)
	at com.mysql.jdbc.MysqlIO.proceedHandshakeWithPluggableAuthentication(MysqlIO.java:1714)
	at com.mysql.jdbc.MysqlIO.doHandshake(MysqlIO.java:1224)
	at com.mysql.jdbc.ConnectionImpl.coreConnect(ConnectionImpl.java:2190)
	at com.mysql.jdbc.ConnectionImpl.connectOneTryOnly(ConnectionImpl.java:2221)
	at com.mysql.jdbc.ConnectionImpl.createNewIO(ConnectionImpl.java:2016)
	at com.mysql.jdbc.ConnectionImpl.<init>(ConnectionImpl.java:776)
	at com.mysql.jdbc.JDBC4Connection.<init>(JDBC4Connection.java:47)
	at sun.reflect.NativeConstructorAccessorImpl.newInstance0(Native Method)
	at sun.reflect.NativeConstructorAccessorImpl.newInstance(NativeConstructorAccessorImpl.java:62)
	at sun.reflect.DelegatingConstructorAccessorImpl.newInstance(DelegatingConstructorAccessorImpl.java:45)
	at java.lang.reflect.Constructor.newInstance(Constructor.java:423)
	at com.mysql.jdbc.Util.handleNewInstance(Util.java:425)
	at com.mysql.jdbc.ConnectionImpl.getInstance(ConnectionImpl.java:386)
	at com.mysql.jdbc.NonRegisteringDriver.connect(NonRegisteringDriver.java:330)
	at com.alibaba.druid.pool.DruidAbstractDataSource.createPhysicalConnection(DruidAbstractDataSource.java:1558)
	at com.alibaba.druid.pool.DruidAbstractDataSource.createPhysicalConnection(DruidAbstractDataSource.java:1623)
	at com.alibaba.druid.pool.DruidDataSource$CreateConnectionThread.run(DruidDataSource.java:2468)
2021-07-07 19:51:12,846 ERROR DruidDataSource:2471 - create connection SQLException, url: jdbc:mysql://localhost:3306/demo?useUnicode=true&characterEncoding=utf8, errorCode 1045, state 28000
java.sql.SQLException: Access denied for user '79016'@'localhost' (using password: YES)
	at com.mysql.jdbc.SQLError.createSQLException(SQLError.java:965)
	at com.mysql.jdbc.MysqlIO.checkErrorPacket(MysqlIO.java:3976)
	at com.mysql.jdbc.MysqlIO.checkErrorPacket(MysqlIO.java:3912)
	at com.mysql.jdbc.MysqlIO.checkErrorPacket(MysqlIO.java:871)
	at com.mysql.jdbc.MysqlIO.proceedHandshakeWithPluggableAuthentication(MysqlIO.java:1714)
	at com.mysql.jdbc.MysqlIO.doHandshake(MysqlIO.java:1224)
	at com.mysql.jdbc.ConnectionImpl.coreConnect(ConnectionImpl.java:2190)
	at com.mysql.jdbc.ConnectionImpl.connectOneTryOnly(ConnectionImpl.java:2221)
	at com.mysql.jdbc.ConnectionImpl.createNewIO(ConnectionImpl.java:2016)
	at com.mysql.jdbc.ConnectionImpl.<init>(ConnectionImpl.java:776)
	at com.mysql.jdbc.JDBC4Connection.<init>(JDBC4Connection.java:47)
	at sun.reflect.NativeConstructorAccessorImpl.newInstance0(Native Method)
	at sun.reflect.NativeConstructorAccessorImpl.newInstance(NativeConstructorAccessorImpl.java:62)
	at sun.reflect.DelegatingConstructorAccessorImpl.newInstance(DelegatingConstructorAccessorImpl.java:45)
	at java.lang.reflect.Constructor.newInstance(Constructor.java:423)
	at com.mysql.jdbc.Util.handleNewInstance(Util.java:425)
	at com.mysql.jdbc.ConnectionImpl.getInstance(ConnectionImpl.java:386)
	at com.mysql.jdbc.NonRegisteringDriver.connect(NonRegisteringDriver.java:330)
	at com.alibaba.druid.pool.DruidAbstractDataSource.createPhysicalConnection(DruidAbstractDataSource.java:1558)
	at com.alibaba.druid.pool.DruidAbstractDataSource.createPhysicalConnection(DruidAbstractDataSource.java:1623)
	at com.alibaba.druid.pool.DruidDataSource$CreateConnectionThread.run(DruidDataSource.java:2468)
2021-07-07 19:51:13,386 ERROR DruidDataSource:2471 - create connection SQLException, url: jdbc:mysql://localhost:3306/demo?useUnicode=true&characterEncoding=utf8, errorCode 1045, state 28000
java.sql.SQLException: Access denied for user '79016'@'localhost' (using password: YES)
	at com.mysql.jdbc.SQLError.createSQLException(SQLError.java:965)
	at com.mysql.jdbc.MysqlIO.checkErrorPacket(MysqlIO.java:3976)
	at com.mysql.jdbc.MysqlIO.checkErrorPacket(MysqlIO.java:3912)
	at com.mysql.jdbc.MysqlIO.checkErrorPacket(MysqlIO.java:871)
	at com.mysql.jdbc.MysqlIO.proceedHandshakeWithPluggableAuthentication(MysqlIO.java:1714)
	at com.mysql.jdbc.MysqlIO.doHandshake(MysqlIO.java:1224)
	at com.mysql.jdbc.ConnectionImpl.coreConnect(ConnectionImpl.java:2190)
	at com.mysql.jdbc.ConnectionImpl.connectOneTryOnly(ConnectionImpl.java:2221)
	at com.mysql.jdbc.ConnectionImpl.createNewIO(ConnectionImpl.java:2016)
	at com.mysql.jdbc.ConnectionImpl.<init>(ConnectionImpl.java:776)
	at com.mysql.jdbc.JDBC4Connection.<init>(JDBC4Connection.java:47)
	at sun.reflect.NativeConstructorAccessorImpl.newInstance0(Native Method)
	at sun.reflect.NativeConstructorAccessorImpl.newInstance(NativeConstructorAccessorImpl.java:62)
	at sun.reflect.DelegatingConstructorAccessorImpl.newInstance(DelegatingConstructorAccessorImpl.java:45)
	at java.lang.reflect.Constructor.newInstance(Constructor.java:423)
	at com.mysql.jdbc.Util.handleNewInstance(Util.java:425)
	at com.mysql.jdbc.ConnectionImpl.getInstance(ConnectionImpl.java:386)
	at com.mysql.jdbc.NonRegisteringDriver.connect(NonRegisteringDriver.java:330)
	at com.alibaba.druid.pool.DruidAbstractDataSource.createPhysicalConnection(DruidAbstractDataSource.java:1558)
	at com.alibaba.druid.pool.DruidAbstractDataSource.createPhysicalConnection(DruidAbstractDataSource.java:1623)
	at com.alibaba.druid.pool.DruidDataSource$CreateConnectionThread.run(DruidDataSource.java:2468)
2021-07-07 19:51:13,938 ERROR DruidDataSource:2471 - create connection SQLException, url: jdbc:mysql://localhost:3306/demo?useUnicode=true&characterEncoding=utf8, errorCode 1045, state 28000
java.sql.SQLException: Access denied for user '79016'@'localhost' (using password: YES)
	at com.mysql.jdbc.SQLError.createSQLException(SQLError.java:965)
	at com.mysql.jdbc.MysqlIO.checkErrorPacket(MysqlIO.java:3976)
	at com.mysql.jdbc.MysqlIO.checkErrorPacket(MysqlIO.java:3912)
	at com.mysql.jdbc.MysqlIO.checkErrorPacket(MysqlIO.java:871)
	at com.mysql.jdbc.MysqlIO.proceedHandshakeWithPluggableAuthentication(MysqlIO.java:1714)
	at com.mysql.jdbc.MysqlIO.doHandshake(MysqlIO.java:1224)
	at com.mysql.jdbc.ConnectionImpl.coreConnect(ConnectionImpl.java:2190)
	at com.mysql.jdbc.ConnectionImpl.connectOneTryOnly(ConnectionImpl.java:2221)
	at com.mysql.jdbc.ConnectionImpl.createNewIO(ConnectionImpl.java:2016)
	at com.mysql.jdbc.ConnectionImpl.<init>(ConnectionImpl.java:776)
	at com.mysql.jdbc.JDBC4Connection.<init>(JDBC4Connection.java:47)
	at sun.reflect.NativeConstructorAccessorImpl.newInstance0(Native Method)
	at sun.reflect.NativeConstructorAccessorImpl.newInstance(NativeConstructorAccessorImpl.java:62)
	at sun.reflect.DelegatingConstructorAccessorImpl.newInstance(DelegatingConstructorAccessorImpl.java:45)
	at java.lang.reflect.Constructor.newInstance(Constructor.java:423)
	at com.mysql.jdbc.Util.handleNewInstance(Util.java:425)
	at com.mysql.jdbc.ConnectionImpl.getInstance(ConnectionImpl.java:386)
	at com.mysql.jdbc.NonRegisteringDriver.connect(NonRegisteringDriver.java:330)
	at com.alibaba.druid.pool.DruidAbstractDataSource.createPhysicalConnection(DruidAbstractDataSource.java:1558)
	at com.alibaba.druid.pool.DruidAbstractDataSource.createPhysicalConnection(DruidAbstractDataSource.java:1623)
	at com.alibaba.druid.pool.DruidDataSource$CreateConnectionThread.run(DruidDataSource.java:2468)
2021-07-07 19:54:52,914  INFO DruidDataSource:930 - {dataSource-1} inited
2021-07-07 19:54:54,024 ERROR DruidDataSource:2471 - create connection SQLException, url: jdbc:mysql://localhost:3306/demo?useUnicode=true&characterEncoding=utf8, errorCode 1045, state 28000
java.sql.SQLException: Access denied for user '79016'@'localhost' (using password: YES)
	at com.mysql.jdbc.SQLError.createSQLException(SQLError.java:965)
	at com.mysql.jdbc.MysqlIO.checkErrorPacket(MysqlIO.java:3976)
	at com.mysql.jdbc.MysqlIO.checkErrorPacket(MysqlIO.java:3912)
	at com.mysql.jdbc.MysqlIO.checkErrorPacket(MysqlIO.java:871)
	at com.mysql.jdbc.MysqlIO.proceedHandshakeWithPluggableAuthentication(MysqlIO.java:1714)
	at com.mysql.jdbc.MysqlIO.doHandshake(MysqlIO.java:1224)
	at com.mysql.jdbc.ConnectionImpl.coreConnect(ConnectionImpl.java:2190)
	at com.mysql.jdbc.ConnectionImpl.connectOneTryOnly(ConnectionImpl.java:2221)
	at com.mysql.jdbc.ConnectionImpl.createNewIO(ConnectionImpl.java:2016)
	at com.mysql.jdbc.ConnectionImpl.<init>(ConnectionImpl.java:776)
	at com.mysql.jdbc.JDBC4Connection.<init>(JDBC4Connection.java:47)
	at sun.reflect.NativeConstructorAccessorImpl.newInstance0(Native Method)
	at sun.reflect.NativeConstructorAccessorImpl.newInstance(NativeConstructorAccessorImpl.java:62)
	at sun.reflect.DelegatingConstructorAccessorImpl.newInstance(DelegatingConstructorAccessorImpl.java:45)
	at java.lang.reflect.Constructor.newInstance(Constructor.java:423)
	at com.mysql.jdbc.Util.handleNewInstance(Util.java:425)
	at com.mysql.jdbc.ConnectionImpl.getInstance(ConnectionImpl.java:386)
	at com.mysql.jdbc.NonRegisteringDriver.connect(NonRegisteringDriver.java:330)
	at com.alibaba.druid.pool.DruidAbstractDataSource.createPhysicalConnection(DruidAbstractDataSource.java:1558)
	at com.alibaba.druid.pool.DruidAbstractDataSource.createPhysicalConnection(DruidAbstractDataSource.java:1623)
	at com.alibaba.druid.pool.DruidDataSource$CreateConnectionThread.run(DruidDataSource.java:2468)
2021-07-07 19:54:54,072 ERROR DruidDataSource:2471 - create connection SQLException, url: jdbc:mysql://localhost:3306/demo?useUnicode=true&characterEncoding=utf8, errorCode 1045, state 28000
java.sql.SQLException: Access denied for user '79016'@'localhost' (using password: YES)
	at com.mysql.jdbc.SQLError.createSQLException(SQLError.java:965)
	at com.mysql.jdbc.MysqlIO.checkErrorPacket(MysqlIO.java:3976)
	at com.mysql.jdbc.MysqlIO.checkErrorPacket(MysqlIO.java:3912)
	at com.mysql.jdbc.MysqlIO.checkErrorPacket(MysqlIO.java:871)
	at com.mysql.jdbc.MysqlIO.proceedHandshakeWithPluggableAuthentication(MysqlIO.java:1714)
	at com.mysql.jdbc.MysqlIO.doHandshake(MysqlIO.java:1224)
	at com.mysql.jdbc.ConnectionImpl.coreConnect(ConnectionImpl.java:2190)
	at com.mysql.jdbc.ConnectionImpl.connectOneTryOnly(ConnectionImpl.java:2221)
	at com.mysql.jdbc.ConnectionImpl.createNewIO(ConnectionImpl.java:2016)
	at com.mysql.jdbc.ConnectionImpl.<init>(ConnectionImpl.java:776)
	at com.mysql.jdbc.JDBC4Connection.<init>(JDBC4Connection.java:47)
	at sun.reflect.NativeConstructorAccessorImpl.newInstance0(Native Method)
	at sun.reflect.NativeConstructorAccessorImpl.newInstance(NativeConstructorAccessorImpl.java:62)
	at sun.reflect.DelegatingConstructorAccessorImpl.newInstance(DelegatingConstructorAccessorImpl.java:45)
	at java.lang.reflect.Constructor.newInstance(Constructor.java:423)
	at com.mysql.jdbc.Util.handleNewInstance(Util.java:425)
	at com.mysql.jdbc.ConnectionImpl.getInstance(ConnectionImpl.java:386)
	at com.mysql.jdbc.NonRegisteringDriver.connect(NonRegisteringDriver.java:330)
	at com.alibaba.druid.pool.DruidAbstractDataSource.createPhysicalConnection(DruidAbstractDataSource.java:1558)
	at com.alibaba.druid.pool.DruidAbstractDataSource.createPhysicalConnection(DruidAbstractDataSource.java:1623)
	at com.alibaba.druid.pool.DruidDataSource$CreateConnectionThread.run(DruidDataSource.java:2468)
2021-07-07 19:54:54,616 ERROR DruidDataSource:2471 - create connection SQLException, url: jdbc:mysql://localhost:3306/demo?useUnicode=true&characterEncoding=utf8, errorCode 1045, state 28000
java.sql.SQLException: Access denied for user '79016'@'localhost' (using password: YES)
	at com.mysql.jdbc.SQLError.createSQLException(SQLError.java:965)
	at com.mysql.jdbc.MysqlIO.checkErrorPacket(MysqlIO.java:3976)
	at com.mysql.jdbc.MysqlIO.checkErrorPacket(MysqlIO.java:3912)
	at com.mysql.jdbc.MysqlIO.checkErrorPacket(MysqlIO.java:871)
	at com.mysql.jdbc.MysqlIO.proceedHandshakeWithPluggableAuthentication(MysqlIO.java:1714)
	at com.mysql.jdbc.MysqlIO.doHandshake(MysqlIO.java:1224)
	at com.mysql.jdbc.ConnectionImpl.coreConnect(ConnectionImpl.java:2190)
	at com.mysql.jdbc.ConnectionImpl.connectOneTryOnly(ConnectionImpl.java:2221)
	at com.mysql.jdbc.ConnectionImpl.createNewIO(ConnectionImpl.java:2016)
	at com.mysql.jdbc.ConnectionImpl.<init>(ConnectionImpl.java:776)
	at com.mysql.jdbc.JDBC4Connection.<init>(JDBC4Connection.java:47)
	at sun.reflect.NativeConstructorAccessorImpl.newInstance0(Native Method)
	at sun.reflect.NativeConstructorAccessorImpl.newInstance(NativeConstructorAccessorImpl.java:62)
	at sun.reflect.DelegatingConstructorAccessorImpl.newInstance(DelegatingConstructorAccessorImpl.java:45)
	at java.lang.reflect.Constructor.newInstance(Constructor.java:423)
	at com.mysql.jdbc.Util.handleNewInstance(Util.java:425)
	at com.mysql.jdbc.ConnectionImpl.getInstance(ConnectionImpl.java:386)
	at com.mysql.jdbc.NonRegisteringDriver.connect(NonRegisteringDriver.java:330)
	at com.alibaba.druid.pool.DruidAbstractDataSource.createPhysicalConnection(DruidAbstractDataSource.java:1558)
	at com.alibaba.druid.pool.DruidAbstractDataSource.createPhysicalConnection(DruidAbstractDataSource.java:1623)
	at com.alibaba.druid.pool.DruidDataSource$CreateConnectionThread.run(DruidDataSource.java:2468)
2021-07-07 19:54:55,158 ERROR DruidDataSource:2471 - create connection SQLException, url: jdbc:mysql://localhost:3306/demo?useUnicode=true&characterEncoding=utf8, errorCode 1045, state 28000
java.sql.SQLException: Access denied for user '79016'@'localhost' (using password: YES)
	at com.mysql.jdbc.SQLError.createSQLException(SQLError.java:965)
	at com.mysql.jdbc.MysqlIO.checkErrorPacket(MysqlIO.java:3976)
	at com.mysql.jdbc.MysqlIO.checkErrorPacket(MysqlIO.java:3912)
	at com.mysql.jdbc.MysqlIO.checkErrorPacket(MysqlIO.java:871)
	at com.mysql.jdbc.MysqlIO.proceedHandshakeWithPluggableAuthentication(MysqlIO.java:1714)
	at com.mysql.jdbc.MysqlIO.doHandshake(MysqlIO.java:1224)
	at com.mysql.jdbc.ConnectionImpl.coreConnect(ConnectionImpl.java:2190)
	at com.mysql.jdbc.ConnectionImpl.connectOneTryOnly(ConnectionImpl.java:2221)
	at com.mysql.jdbc.ConnectionImpl.createNewIO(ConnectionImpl.java:2016)
	at com.mysql.jdbc.ConnectionImpl.<init>(ConnectionImpl.java:776)
	at com.mysql.jdbc.JDBC4Connection.<init>(JDBC4Connection.java:47)
	at sun.reflect.NativeConstructorAccessorImpl.newInstance0(Native Method)
	at sun.reflect.NativeConstructorAccessorImpl.newInstance(NativeConstructorAccessorImpl.java:62)
	at sun.reflect.DelegatingConstructorAccessorImpl.newInstance(DelegatingConstructorAccessorImpl.java:45)
	at java.lang.reflect.Constructor.newInstance(Constructor.java:423)
	at com.mysql.jdbc.Util.handleNewInstance(Util.java:425)
	at com.mysql.jdbc.ConnectionImpl.getInstance(ConnectionImpl.java:386)
	at com.mysql.jdbc.NonRegisteringDriver.connect(NonRegisteringDriver.java:330)
	at com.alibaba.druid.pool.DruidAbstractDataSource.createPhysicalConnection(DruidAbstractDataSource.java:1558)
	at com.alibaba.druid.pool.DruidAbstractDataSource.createPhysicalConnection(DruidAbstractDataSource.java:1623)
	at com.alibaba.druid.pool.DruidDataSource$CreateConnectionThread.run(DruidDataSource.java:2468)
2021-07-07 19:54:55,710 ERROR DruidDataSource:2471 - create connection SQLException, url: jdbc:mysql://localhost:3306/demo?useUnicode=true&characterEncoding=utf8, errorCode 1045, state 28000
java.sql.SQLException: Access denied for user '79016'@'localhost' (using password: YES)
	at com.mysql.jdbc.SQLError.createSQLException(SQLError.java:965)
	at com.mysql.jdbc.MysqlIO.checkErrorPacket(MysqlIO.java:3976)
	at com.mysql.jdbc.MysqlIO.checkErrorPacket(MysqlIO.java:3912)
	at com.mysql.jdbc.MysqlIO.checkErrorPacket(MysqlIO.java:871)
	at com.mysql.jdbc.MysqlIO.proceedHandshakeWithPluggableAuthentication(MysqlIO.java:1714)
	at com.mysql.jdbc.MysqlIO.doHandshake(MysqlIO.java:1224)
	at com.mysql.jdbc.ConnectionImpl.coreConnect(ConnectionImpl.java:2190)
	at com.mysql.jdbc.ConnectionImpl.connectOneTryOnly(ConnectionImpl.java:2221)
	at com.mysql.jdbc.ConnectionImpl.createNewIO(ConnectionImpl.java:2016)
	at com.mysql.jdbc.ConnectionImpl.<init>(ConnectionImpl.java:776)
	at com.mysql.jdbc.JDBC4Connection.<init>(JDBC4Connection.java:47)
	at sun.reflect.NativeConstructorAccessorImpl.newInstance0(Native Method)
	at sun.reflect.NativeConstructorAccessorImpl.newInstance(NativeConstructorAccessorImpl.java:62)
	at sun.reflect.DelegatingConstructorAccessorImpl.newInstance(DelegatingConstructorAccessorImpl.java:45)
	at java.lang.reflect.Constructor.newInstance(Constructor.java:423)
	at com.mysql.jdbc.Util.handleNewInstance(Util.java:425)
	at com.mysql.jdbc.ConnectionImpl.getInstance(ConnectionImpl.java:386)
	at com.mysql.jdbc.NonRegisteringDriver.connect(NonRegisteringDriver.java:330)
	at com.alibaba.druid.pool.DruidAbstractDataSource.createPhysicalConnection(DruidAbstractDataSource.java:1558)
	at com.alibaba.druid.pool.DruidAbstractDataSource.createPhysicalConnection(DruidAbstractDataSource.java:1623)
	at com.alibaba.druid.pool.DruidDataSource$CreateConnectionThread.run(DruidDataSource.java:2468)
2021-07-07 19:56:03,038  INFO DruidDataSource:930 - {dataSource-1} inited
2021-07-07 19:56:04,149 ERROR DruidDataSource:2471 - create connection SQLException, url: jdbc:mysql://localhost:3306/demo?useUnicode=true&characterEncoding=utf8, errorCode 1045, state 28000
java.sql.SQLException: Access denied for user '79016'@'localhost' (using password: YES)
	at com.mysql.jdbc.SQLError.createSQLException(SQLError.java:965)
	at com.mysql.jdbc.MysqlIO.checkErrorPacket(MysqlIO.java:3976)
	at com.mysql.jdbc.MysqlIO.checkErrorPacket(MysqlIO.java:3912)
	at com.mysql.jdbc.MysqlIO.checkErrorPacket(MysqlIO.java:871)
	at com.mysql.jdbc.MysqlIO.proceedHandshakeWithPluggableAuthentication(MysqlIO.java:1714)
	at com.mysql.jdbc.MysqlIO.doHandshake(MysqlIO.java:1224)
	at com.mysql.jdbc.ConnectionImpl.coreConnect(ConnectionImpl.java:2190)
	at com.mysql.jdbc.ConnectionImpl.connectOneTryOnly(ConnectionImpl.java:2221)
	at com.mysql.jdbc.ConnectionImpl.createNewIO(ConnectionImpl.java:2016)
	at com.mysql.jdbc.ConnectionImpl.<init>(ConnectionImpl.java:776)
	at com.mysql.jdbc.JDBC4Connection.<init>(JDBC4Connection.java:47)
	at sun.reflect.NativeConstructorAccessorImpl.newInstance0(Native Method)
	at sun.reflect.NativeConstructorAccessorImpl.newInstance(NativeConstructorAccessorImpl.java:62)
	at sun.reflect.DelegatingConstructorAccessorImpl.newInstance(DelegatingConstructorAccessorImpl.java:45)
	at java.lang.reflect.Constructor.newInstance(Constructor.java:423)
	at com.mysql.jdbc.Util.handleNewInstance(Util.java:425)
	at com.mysql.jdbc.ConnectionImpl.getInstance(ConnectionImpl.java:386)
	at com.mysql.jdbc.NonRegisteringDriver.connect(NonRegisteringDriver.java:330)
	at com.alibaba.druid.pool.DruidAbstractDataSource.createPhysicalConnection(DruidAbstractDataSource.java:1558)
	at com.alibaba.druid.pool.DruidAbstractDataSource.createPhysicalConnection(DruidAbstractDataSource.java:1623)
	at com.alibaba.druid.pool.DruidDataSource$CreateConnectionThread.run(DruidDataSource.java:2468)
2021-07-07 19:56:04,193 ERROR DruidDataSource:2471 - create connection SQLException, url: jdbc:mysql://localhost:3306/demo?useUnicode=true&characterEncoding=utf8, errorCode 1045, state 28000
java.sql.SQLException: Access denied for user '79016'@'localhost' (using password: YES)
	at com.mysql.jdbc.SQLError.createSQLException(SQLError.java:965)
	at com.mysql.jdbc.MysqlIO.checkErrorPacket(MysqlIO.java:3976)
	at com.mysql.jdbc.MysqlIO.checkErrorPacket(MysqlIO.java:3912)
	at com.mysql.jdbc.MysqlIO.checkErrorPacket(MysqlIO.java:871)
	at com.mysql.jdbc.MysqlIO.proceedHandshakeWithPluggableAuthentication(MysqlIO.java:1714)
	at com.mysql.jdbc.MysqlIO.doHandshake(MysqlIO.java:1224)
	at com.mysql.jdbc.ConnectionImpl.coreConnect(ConnectionImpl.java:2190)
	at com.mysql.jdbc.ConnectionImpl.connectOneTryOnly(ConnectionImpl.java:2221)
	at com.mysql.jdbc.ConnectionImpl.createNewIO(ConnectionImpl.java:2016)
	at com.mysql.jdbc.ConnectionImpl.<init>(ConnectionImpl.java:776)
	at com.mysql.jdbc.JDBC4Connection.<init>(JDBC4Connection.java:47)
	at sun.reflect.NativeConstructorAccessorImpl.newInstance0(Native Method)
	at sun.reflect.NativeConstructorAccessorImpl.newInstance(NativeConstructorAccessorImpl.java:62)
	at sun.reflect.DelegatingConstructorAccessorImpl.newInstance(DelegatingConstructorAccessorImpl.java:45)
	at java.lang.reflect.Constructor.newInstance(Constructor.java:423)
	at com.mysql.jdbc.Util.handleNewInstance(Util.java:425)
	at com.mysql.jdbc.ConnectionImpl.getInstance(ConnectionImpl.java:386)
	at com.mysql.jdbc.NonRegisteringDriver.connect(NonRegisteringDriver.java:330)
	at com.alibaba.druid.pool.DruidAbstractDataSource.createPhysicalConnection(DruidAbstractDataSource.java:1558)
	at com.alibaba.druid.pool.DruidAbstractDataSource.createPhysicalConnection(DruidAbstractDataSource.java:1623)
	at com.alibaba.druid.pool.DruidDataSource$CreateConnectionThread.run(DruidDataSource.java:2468)
2021-07-07 19:56:04,735 ERROR DruidDataSource:2471 - create connection SQLException, url: jdbc:mysql://localhost:3306/demo?useUnicode=true&characterEncoding=utf8, errorCode 1045, state 28000
java.sql.SQLException: Access denied for user '79016'@'localhost' (using password: YES)
	at com.mysql.jdbc.SQLError.createSQLException(SQLError.java:965)
	at com.mysql.jdbc.MysqlIO.checkErrorPacket(MysqlIO.java:3976)
	at com.mysql.jdbc.MysqlIO.checkErrorPacket(MysqlIO.java:3912)
	at com.mysql.jdbc.MysqlIO.checkErrorPacket(MysqlIO.java:871)
	at com.mysql.jdbc.MysqlIO.proceedHandshakeWithPluggableAuthentication(MysqlIO.java:1714)
	at com.mysql.jdbc.MysqlIO.doHandshake(MysqlIO.java:1224)
	at com.mysql.jdbc.ConnectionImpl.coreConnect(ConnectionImpl.java:2190)
	at com.mysql.jdbc.ConnectionImpl.connectOneTryOnly(ConnectionImpl.java:2221)
	at com.mysql.jdbc.ConnectionImpl.createNewIO(ConnectionImpl.java:2016)
	at com.mysql.jdbc.ConnectionImpl.<init>(ConnectionImpl.java:776)
	at com.mysql.jdbc.JDBC4Connection.<init>(JDBC4Connection.java:47)
	at sun.reflect.NativeConstructorAccessorImpl.newInstance0(Native Method)
	at sun.reflect.NativeConstructorAccessorImpl.newInstance(NativeConstructorAccessorImpl.java:62)
	at sun.reflect.DelegatingConstructorAccessorImpl.newInstance(DelegatingConstructorAccessorImpl.java:45)
	at java.lang.reflect.Constructor.newInstance(Constructor.java:423)
	at com.mysql.jdbc.Util.handleNewInstance(Util.java:425)
	at com.mysql.jdbc.ConnectionImpl.getInstance(ConnectionImpl.java:386)
	at com.mysql.jdbc.NonRegisteringDriver.connect(NonRegisteringDriver.java:330)
	at com.alibaba.druid.pool.DruidAbstractDataSource.createPhysicalConnection(DruidAbstractDataSource.java:1558)
	at com.alibaba.druid.pool.DruidAbstractDataSource.createPhysicalConnection(DruidAbstractDataSource.java:1623)
	at com.alibaba.druid.pool.DruidDataSource$CreateConnectionThread.run(DruidDataSource.java:2468)
2021-07-07 19:56:05,279 ERROR DruidDataSource:2471 - create connection SQLException, url: jdbc:mysql://localhost:3306/demo?useUnicode=true&characterEncoding=utf8, errorCode 1045, state 28000
java.sql.SQLException: Access denied for user '79016'@'localhost' (using password: YES)
	at com.mysql.jdbc.SQLError.createSQLException(SQLError.java:965)
	at com.mysql.jdbc.MysqlIO.checkErrorPacket(MysqlIO.java:3976)
	at com.mysql.jdbc.MysqlIO.checkErrorPacket(MysqlIO.java:3912)
	at com.mysql.jdbc.MysqlIO.checkErrorPacket(MysqlIO.java:871)
	at com.mysql.jdbc.MysqlIO.proceedHandshakeWithPluggableAuthentication(MysqlIO.java:1714)
	at com.mysql.jdbc.MysqlIO.doHandshake(MysqlIO.java:1224)
	at com.mysql.jdbc.ConnectionImpl.coreConnect(ConnectionImpl.java:2190)
	at com.mysql.jdbc.ConnectionImpl.connectOneTryOnly(ConnectionImpl.java:2221)
	at com.mysql.jdbc.ConnectionImpl.createNewIO(ConnectionImpl.java:2016)
	at com.mysql.jdbc.ConnectionImpl.<init>(ConnectionImpl.java:776)
	at com.mysql.jdbc.JDBC4Connection.<init>(JDBC4Connection.java:47)
	at sun.reflect.NativeConstructorAccessorImpl.newInstance0(Native Method)
	at sun.reflect.NativeConstructorAccessorImpl.newInstance(NativeConstructorAccessorImpl.java:62)
	at sun.reflect.DelegatingConstructorAccessorImpl.newInstance(DelegatingConstructorAccessorImpl.java:45)
	at java.lang.reflect.Constructor.newInstance(Constructor.java:423)
	at com.mysql.jdbc.Util.handleNewInstance(Util.java:425)
	at com.mysql.jdbc.ConnectionImpl.getInstance(ConnectionImpl.java:386)
	at com.mysql.jdbc.NonRegisteringDriver.connect(NonRegisteringDriver.java:330)
	at com.alibaba.druid.pool.DruidAbstractDataSource.createPhysicalConnection(DruidAbstractDataSource.java:1558)
	at com.alibaba.druid.pool.DruidAbstractDataSource.createPhysicalConnection(DruidAbstractDataSource.java:1623)
	at com.alibaba.druid.pool.DruidDataSource$CreateConnectionThread.run(DruidDataSource.java:2468)
2021-07-07 19:57:15,831  INFO DruidDataSource:930 - {dataSource-1} inited
2021-07-07 19:57:17,051 ERROR DruidDataSource:2471 - create connection SQLException, url: jdbc:mysql://localhost:3306/demo?useUnicode=true&characterEncoding=utf8, errorCode 1045, state 28000
java.sql.SQLException: Access denied for user '79016'@'localhost' (using password: YES)
	at com.mysql.jdbc.SQLError.createSQLException(SQLError.java:965)
	at com.mysql.jdbc.MysqlIO.checkErrorPacket(MysqlIO.java:3976)
	at com.mysql.jdbc.MysqlIO.checkErrorPacket(MysqlIO.java:3912)
	at com.mysql.jdbc.MysqlIO.checkErrorPacket(MysqlIO.java:871)
	at com.mysql.jdbc.MysqlIO.proceedHandshakeWithPluggableAuthentication(MysqlIO.java:1714)
	at com.mysql.jdbc.MysqlIO.doHandshake(MysqlIO.java:1224)
	at com.mysql.jdbc.ConnectionImpl.coreConnect(ConnectionImpl.java:2190)
	at com.mysql.jdbc.ConnectionImpl.connectOneTryOnly(ConnectionImpl.java:2221)
	at com.mysql.jdbc.ConnectionImpl.createNewIO(ConnectionImpl.java:2016)
	at com.mysql.jdbc.ConnectionImpl.<init>(ConnectionImpl.java:776)
	at com.mysql.jdbc.JDBC4Connection.<init>(JDBC4Connection.java:47)
	at sun.reflect.NativeConstructorAccessorImpl.newInstance0(Native Method)
	at sun.reflect.NativeConstructorAccessorImpl.newInstance(NativeConstructorAccessorImpl.java:62)
	at sun.reflect.DelegatingConstructorAccessorImpl.newInstance(DelegatingConstructorAccessorImpl.java:45)
	at java.lang.reflect.Constructor.newInstance(Constructor.java:423)
	at com.mysql.jdbc.Util.handleNewInstance(Util.java:425)
	at com.mysql.jdbc.ConnectionImpl.getInstance(ConnectionImpl.java:386)
	at com.mysql.jdbc.NonRegisteringDriver.connect(NonRegisteringDriver.java:330)
	at com.alibaba.druid.pool.DruidAbstractDataSource.createPhysicalConnection(DruidAbstractDataSource.java:1558)
	at com.alibaba.druid.pool.DruidAbstractDataSource.createPhysicalConnection(DruidAbstractDataSource.java:1623)
	at com.alibaba.druid.pool.DruidDataSource$CreateConnectionThread.run(DruidDataSource.java:2468)
2021-07-07 19:57:17,085 ERROR DruidDataSource:2471 - create connection SQLException, url: jdbc:mysql://localhost:3306/demo?useUnicode=true&characterEncoding=utf8, errorCode 1045, state 28000
java.sql.SQLException: Access denied for user '79016'@'localhost' (using password: YES)
	at com.mysql.jdbc.SQLError.createSQLException(SQLError.java:965)
	at com.mysql.jdbc.MysqlIO.checkErrorPacket(MysqlIO.java:3976)
	at com.mysql.jdbc.MysqlIO.checkErrorPacket(MysqlIO.java:3912)
	at com.mysql.jdbc.MysqlIO.checkErrorPacket(MysqlIO.java:871)
	at com.mysql.jdbc.MysqlIO.proceedHandshakeWithPluggableAuthentication(MysqlIO.java:1714)
	at com.mysql.jdbc.MysqlIO.doHandshake(MysqlIO.java:1224)
	at com.mysql.jdbc.ConnectionImpl.coreConnect(ConnectionImpl.java:2190)
	at com.mysql.jdbc.ConnectionImpl.connectOneTryOnly(ConnectionImpl.java:2221)
	at com.mysql.jdbc.ConnectionImpl.createNewIO(ConnectionImpl.java:2016)
	at com.mysql.jdbc.ConnectionImpl.<init>(ConnectionImpl.java:776)
	at com.mysql.jdbc.JDBC4Connection.<init>(JDBC4Connection.java:47)
	at sun.reflect.NativeConstructorAccessorImpl.newInstance0(Native Method)
	at sun.reflect.NativeConstructorAccessorImpl.newInstance(NativeConstructorAccessorImpl.java:62)
	at sun.reflect.DelegatingConstructorAccessorImpl.newInstance(DelegatingConstructorAccessorImpl.java:45)
	at java.lang.reflect.Constructor.newInstance(Constructor.java:423)
	at com.mysql.jdbc.Util.handleNewInstance(Util.java:425)
	at com.mysql.jdbc.ConnectionImpl.getInstance(ConnectionImpl.java:386)
	at com.mysql.jdbc.NonRegisteringDriver.connect(NonRegisteringDriver.java:330)
	at com.alibaba.druid.pool.DruidAbstractDataSource.createPhysicalConnection(DruidAbstractDataSource.java:1558)
	at com.alibaba.druid.pool.DruidAbstractDataSource.createPhysicalConnection(DruidAbstractDataSource.java:1623)
	at com.alibaba.druid.pool.DruidDataSource$CreateConnectionThread.run(DruidDataSource.java:2468)
2021-07-07 19:57:17,631 ERROR DruidDataSource:2471 - create connection SQLException, url: jdbc:mysql://localhost:3306/demo?useUnicode=true&characterEncoding=utf8, errorCode 1045, state 28000
java.sql.SQLException: Access denied for user '79016'@'localhost' (using password: YES)
	at com.mysql.jdbc.SQLError.createSQLException(SQLError.java:965)
	at com.mysql.jdbc.MysqlIO.checkErrorPacket(MysqlIO.java:3976)
	at com.mysql.jdbc.MysqlIO.checkErrorPacket(MysqlIO.java:3912)
	at com.mysql.jdbc.MysqlIO.checkErrorPacket(MysqlIO.java:871)
	at com.mysql.jdbc.MysqlIO.proceedHandshakeWithPluggableAuthentication(MysqlIO.java:1714)
	at com.mysql.jdbc.MysqlIO.doHandshake(MysqlIO.java:1224)
	at com.mysql.jdbc.ConnectionImpl.coreConnect(ConnectionImpl.java:2190)
	at com.mysql.jdbc.ConnectionImpl.connectOneTryOnly(ConnectionImpl.java:2221)
	at com.mysql.jdbc.ConnectionImpl.createNewIO(ConnectionImpl.java:2016)
	at com.mysql.jdbc.ConnectionImpl.<init>(ConnectionImpl.java:776)
	at com.mysql.jdbc.JDBC4Connection.<init>(JDBC4Connection.java:47)
	at sun.reflect.NativeConstructorAccessorImpl.newInstance0(Native Method)
	at sun.reflect.NativeConstructorAccessorImpl.newInstance(NativeConstructorAccessorImpl.java:62)
	at sun.reflect.DelegatingConstructorAccessorImpl.newInstance(DelegatingConstructorAccessorImpl.java:45)
	at java.lang.reflect.Constructor.newInstance(Constructor.java:423)
	at com.mysql.jdbc.Util.handleNewInstance(Util.java:425)
	at com.mysql.jdbc.ConnectionImpl.getInstance(ConnectionImpl.java:386)
	at com.mysql.jdbc.NonRegisteringDriver.connect(NonRegisteringDriver.java:330)
	at com.alibaba.druid.pool.DruidAbstractDataSource.createPhysicalConnection(DruidAbstractDataSource.java:1558)
	at com.alibaba.druid.pool.DruidAbstractDataSource.createPhysicalConnection(DruidAbstractDataSource.java:1623)
	at com.alibaba.druid.pool.DruidDataSource$CreateConnectionThread.run(DruidDataSource.java:2468)
2021-07-07 19:57:18,180 ERROR DruidDataSource:2471 - create connection SQLException, url: jdbc:mysql://localhost:3306/demo?useUnicode=true&characterEncoding=utf8, errorCode 1045, state 28000
java.sql.SQLException: Access denied for user '79016'@'localhost' (using password: YES)
	at com.mysql.jdbc.SQLError.createSQLException(SQLError.java:965)
	at com.mysql.jdbc.MysqlIO.checkErrorPacket(MysqlIO.java:3976)
	at com.mysql.jdbc.MysqlIO.checkErrorPacket(MysqlIO.java:3912)
	at com.mysql.jdbc.MysqlIO.checkErrorPacket(MysqlIO.java:871)
	at com.mysql.jdbc.MysqlIO.proceedHandshakeWithPluggableAuthentication(MysqlIO.java:1714)
	at com.mysql.jdbc.MysqlIO.doHandshake(MysqlIO.java:1224)
	at com.mysql.jdbc.ConnectionImpl.coreConnect(ConnectionImpl.java:2190)
	at com.mysql.jdbc.ConnectionImpl.connectOneTryOnly(ConnectionImpl.java:2221)
	at com.mysql.jdbc.ConnectionImpl.createNewIO(ConnectionImpl.java:2016)
	at com.mysql.jdbc.ConnectionImpl.<init>(ConnectionImpl.java:776)
	at com.mysql.jdbc.JDBC4Connection.<init>(JDBC4Connection.java:47)
	at sun.reflect.NativeConstructorAccessorImpl.newInstance0(Native Method)
	at sun.reflect.NativeConstructorAccessorImpl.newInstance(NativeConstructorAccessorImpl.java:62)
	at sun.reflect.DelegatingConstructorAccessorImpl.newInstance(DelegatingConstructorAccessorImpl.java:45)
	at java.lang.reflect.Constructor.newInstance(Constructor.java:423)
	at com.mysql.jdbc.Util.handleNewInstance(Util.java:425)
	at com.mysql.jdbc.ConnectionImpl.getInstance(ConnectionImpl.java:386)
	at com.mysql.jdbc.NonRegisteringDriver.connect(NonRegisteringDriver.java:330)
	at com.alibaba.druid.pool.DruidAbstractDataSource.createPhysicalConnection(DruidAbstractDataSource.java:1558)
	at com.alibaba.druid.pool.DruidAbstractDataSource.createPhysicalConnection(DruidAbstractDataSource.java:1623)
	at com.alibaba.druid.pool.DruidDataSource$CreateConnectionThread.run(DruidDataSource.java:2468)
2021-07-07 19:59:40,253  INFO DruidDataSource:930 - {dataSource-1} inited
2021-07-07 20:01:36,432  INFO DruidDataSource:930 - {dataSource-1} inited
2021-07-07 20:25:20,405  INFO DruidDataSource:930 - {dataSource-1} inited
2021-07-07 20:26:21,241  INFO DruidDataSource:930 - {dataSource-1} inited
2021-07-07 20:26:22,489  INFO DruidDataSource:1825 - {dataSource-1} closed
2021-07-08 19:23:08,913  INFO DruidDataSource:930 - {dataSource-1} inited
2021-07-08 19:23:28,501  INFO DruidDataSource:930 - {dataSource-1} inited
2021-07-08 19:23:29,728  INFO DruidDataSource:1825 - {dataSource-1} closed
